{"meta": {"format": 3, "version": "7.14.0", "timestamp": "2026-06-17T07:56:06.990329", "branch_coverage": false, "show_contexts": false}, "files": {"asm.py": {"executed_lines": [], "summary": {"covered_lines": 0, "num_statements": 257, "percent_covered": 0.0, "percent_covered_display": "0", "missing_lines": 257, "excluded_lines": 0, "percent_statements_covered": 0.0, "percent_statements_covered_display": "0"}, "missing_lines": [19, 20, 21, 22, 27, 28, 29, 30, 31, 32, 33, 34, 35, 36, 37, 38, 39, 40, 41, 42, 43, 44, 45, 46, 47, 48, 49, 50, 51, 52, 53, 54, 55, 56, 57, 58, 59, 60, 61, 62, 63, 64, 65, 66, 67, 68, 69, 70, 71, 72, 73, 74, 75, 78, 129, 130, 133, 136, 137, 138, 139, 142, 143, 144, 145, 146, 147, 148, 149, 151, 152, 153, 154, 156, 157, 159, 160, 162, 164, 165, 166, 167, 169, 172, 173, 174, 177, 178, 179, 180, 181, 182, 185, 186, 187, 188, 191, 192, 193, 195, 196, 198, 199, 201, 202, 203, 204, 206, 207, 208, 209, 210, 212, 213, 214, 215, 216, 217, 218, 220, 221, 222, 223, 224, 225, 226, 228, 229, 230, 231, 232, 234, 235, 236, 240, 242, 243, 244, 245, 246, 247, 248, 250, 251, 252, 254, 255, 256, 257, 258, 259, 260, 262, 263, 264, 265, 266, 267, 268, 270, 271, 272, 273, 275, 276, 277, 279, 280, 281, 282, 283, 284, 286, 287, 288, 289, 290, 291, 292, 293, 295, 296, 297, 298, 299, 300, 301, 302, 304, 306, 307, 308, 309, 310, 313, 314, 317, 318, 320, 322, 324, 327, 328, 329, 330, 331, 333, 334, 335, 336, 337, 338, 339, 340, 341, 344, 345, 346, 347, 348, 349, 351, 354, 355, 358, 360, 361, 363, 364, 366, 367, 369, 370, 372, 373, 374, 375, 378, 379, 380, 381, 383, 384, 386, 387, 388, 390, 391, 392, 394, 396, 397, 398, 399, 400, 403, 404], "excluded_lines": [], "functions": {"LabelRef.__init__": {"executed_lines": [], "summary": {"covered_lines": 0, "num_statements": 3, "percent_covered": 0.0, "percent_covered_display": "0", "missing_lines": 3, "excluded_lines": 0, "percent_statements_covered": 0.0, "percent_statements_covered_display": "0"}, "missing_lines": [137, 138, 139], "excluded_lines": [], "start_line": 136}, "Assembler.__init__": {"executed_lines": [], "summary": {"covered_lines": 0, "num_statements": 6, "percent_covered": 0.0, "percent_covered_display": "0", "missing_lines": 6, "excluded_lines": 0, "percent_statements_covered": 0.0, "percent_statements_covered_display": "0"}, "missing_lines": [144, 145, 146, 147, 148, 149], "excluded_lines": [], "start_line": 143}, "Assembler.emit": {"executed_lines": [], "summary": {"covered_lines": 0, "num_statements": 3, "percent_covered": 0.0, "percent_covered_display": "0", "missing_lines": 3, "excluded_lines": 0, "percent_statements_covered": 0.0, "percent_statements_covered_display": "0"}, "missing_lines": [152, 153, 154], "excluded_lines": [], "start_line": 151}, "Assembler.emit16": {"executed_lines": [], "summary": {"covered_lines": 0, "num_statements": 1, "percent_covered": 0.0, "percent_covered_display": "0", "missing_lines": 1, "excluded_lines": 0, "percent_statements_covered": 0.0, "percent_statements_covered_display": "0"}, "missing_lines": [157], "excluded_lines": [], "start_line": 156}, "Assembler.emit32": {"executed_lines": [], "summary": {"covered_lines": 0, "num_statements": 1, "percent_covered": 0.0, "percent_covered_display": "0", "missing_lines": 1, "excluded_lines": 0, "percent_statements_covered": 0.0, "percent_statements_covered_display": "0"}, "missing_lines": [160], "excluded_lines": [], "start_line": 159}, "Assembler.emit_str": {"executed_lines": [], "summary": {"covered_lines": 0, "num_statements": 4, "percent_covered": 0.0, "percent_covered_display": "0", "missing_lines": 4, "excluded_lines": 0, "percent_statements_covered": 0.0, "percent_statements_covered_display": "0"}, "missing_lines": [164, 165, 166, 167], "excluded_lines": [], "start_line": 162}, "Assembler.parse_line": {"executed_lines": [], "summary": {"covered_lines": 0, "num_statements": 62, "percent_covered": 0.0, "percent_covered_display": "0", "missing_lines": 62, "excluded_lines": 0, "percent_statements_covered": 0.0, "percent_statements_covered_display": "0"}, "missing_lines": [172, 173, 174, 177, 178, 179, 180, 181, 182, 185, 186, 187, 188, 191, 192, 193, 195, 196, 198, 199, 201, 202, 203, 204, 206, 207, 208, 209, 210, 212, 213, 214, 215, 216, 217, 218, 220, 221, 222, 223, 224, 225, 226, 228, 229, 230, 231, 232, 234, 235, 236, 240, 242, 243, 244, 245, 246, 247, 248, 250, 251, 252], "excluded_lines": [], "start_line": 169}, "Assembler._parse_int": {"executed_lines": [], "summary": {"covered_lines": 0, "num_statements": 6, "percent_covered": 0.0, "percent_covered_display": "0", "missing_lines": 6, "excluded_lines": 0, "percent_statements_covered": 0.0, "percent_statements_covered_display": "0"}, "missing_lines": [255, 256, 257, 258, 259, 260], "excluded_lines": [], "start_line": 254}, "Assembler._parse_str": {"executed_lines": [], "summary": {"covered_lines": 0, "num_statements": 6, "percent_covered": 0.0, "percent_covered_display": "0", "missing_lines": 6, "excluded_lines": 0, "percent_statements_covered": 0.0, "percent_statements_covered_display": "0"}, "missing_lines": [263, 264, 265, 266, 267, 268], "excluded_lines": [], "start_line": 262}, "Assembler._fixup16": {"executed_lines": [], "summary": {"covered_lines": 0, "num_statements": 6, "percent_covered": 0.0, "percent_covered_display": "0", "missing_lines": 6, "excluded_lines": 0, "percent_statements_covered": 0.0, "percent_statements_covered_display": "0"}, "missing_lines": [271, 272, 273, 275, 276, 277], "excluded_lines": [], "start_line": 270}, "Assembler._fixup_abs16": {"executed_lines": [], "summary": {"covered_lines": 0, "num_statements": 5, "percent_covered": 0.0, "percent_covered_display": "0", "missing_lines": 5, "excluded_lines": 0, "percent_statements_covered": 0.0, "percent_statements_covered_display": "0"}, "missing_lines": [280, 281, 282, 283, 284], "excluded_lines": [], "start_line": 279}, "Assembler._fixup_abs32": {"executed_lines": [], "summary": {"covered_lines": 0, "num_statements": 7, "percent_covered": 0.0, "percent_covered_display": "0", "missing_lines": 7, "excluded_lines": 0, "percent_statements_covered": 0.0, "percent_statements_covered_display": "0"}, "missing_lines": [287, 288, 289, 290, 291, 292, 293], "excluded_lines": [], "start_line": 286}, "Assembler._fixup32": {"executed_lines": [], "summary": {"covered_lines": 0, "num_statements": 7, "percent_covered": 0.0, "percent_covered_display": "0", "missing_lines": 7, "excluded_lines": 0, "percent_statements_covered": 0.0, "percent_statements_covered_display": "0"}, "missing_lines": [296, 297, 298, 299, 300, 301, 302], "excluded_lines": [], "start_line": 295}, "Assembler.assemble": {"executed_lines": [], "summary": {"covered_lines": 0, "num_statements": 10, "percent_covered": 0.0, "percent_covered_display": "0", "missing_lines": 10, "excluded_lines": 0, "percent_statements_covered": 0.0, "percent_statements_covered_display": "0"}, "missing_lines": [306, 307, 308, 309, 310, 313, 314, 317, 318, 320], "excluded_lines": [], "start_line": 304}, "Assembler.build": {"executed_lines": [], "summary": {"covered_lines": 0, "num_statements": 24, "percent_covered": 0.0, "percent_covered_display": "0", "missing_lines": 24, "excluded_lines": 0, "percent_statements_covered": 0.0, "percent_statements_covered_display": "0"}, "missing_lines": [324, 327, 328, 329, 330, 331, 333, 334, 335, 336, 337, 338, 339, 340, 341, 344, 345, 346, 347, 348, 349, 351, 354, 355], "excluded_lines": [], "start_line": 322}, "assemble_file": {"executed_lines": [], "summary": {"covered_lines": 0, "num_statements": 12, "percent_covered": 0.0, "percent_covered_display": "0", "missing_lines": 12, "excluded_lines": 0, "percent_statements_covered": 0.0, "percent_statements_covered_display": "0"}, "missing_lines": [360, 361, 363, 364, 366, 367, 369, 370, 372, 373, 374, 375], "excluded_lines": [], "start_line": 358}, "main": {"executed_lines": [], "summary": {"covered_lines": 0, "num_statements": 17, "percent_covered": 0.0, "percent_covered_display": "0", "missing_lines": 17, "excluded_lines": 0, "percent_statements_covered": 0.0, "percent_statements_covered_display": "0"}, "missing_lines": [379, 380, 381, 383, 384, 386, 387, 388, 390, 391, 392, 394, 396, 397, 398, 399, 400], "excluded_lines": [], "start_line": 378}, "": {"executed_lines": [], "summary": {"covered_lines": 0, "num_statements": 77, "percent_covered": 0.0, "percent_covered_display": "0", "missing_lines": 77, "excluded_lines": 0, "percent_statements_covered": 0.0, "percent_statements_covered_display": "0"}, "missing_lines": [19, 20, 21, 22, 27, 28, 29, 30, 31, 32, 33, 34, 35, 36, 37, 38, 39, 40, 41, 42, 43, 44, 45, 46, 47, 48, 49, 50, 51, 52, 53, 54, 55, 56, 57, 58, 59, 60, 61, 62, 63, 64, 65, 66, 67, 68, 69, 70, 71, 72, 73, 74, 75, 78, 129, 130, 133, 136, 142, 143, 151, 156, 159, 162, 169, 254, 262, 270, 279, 286, 295, 304, 322, 358, 378, 403, 404], "excluded_lines": [], "start_line": 1}}, "classes": {"AssemblerError": {"executed_lines": [], "summary": {"covered_lines": 0, "num_statements": 0, "percent_covered": 100.0, "percent_covered_display": "100", "missing_lines": 0, "excluded_lines": 0, "percent_statements_covered": 100.0, "percent_statements_covered_display": "100"}, "missing_lines": [], "excluded_lines": [], "start_line": 129}, "LabelRef": {"executed_lines": [], "summary": {"covered_lines": 0, "num_statements": 3, "percent_covered": 0.0, "percent_covered_display": "0", "missing_lines": 3, "excluded_lines": 0, "percent_statements_covered": 0.0, "percent_statements_covered_display": "0"}, "missing_lines": [137, 138, 139], "excluded_lines": [], "start_line": 133}, "Assembler": {"executed_lines": [], "summary": {"covered_lines": 0, "num_statements": 148, "percent_covered": 0.0, "percent_covered_display": "0", "missing_lines": 148, "excluded_lines": 0, "percent_statements_covered": 0.0, "percent_statements_covered_display": "0"}, "missing_lines": [144, 145, 146, 147, 148, 149, 152, 153, 154, 157, 160, 164, 165, 166, 167, 172, 173, 174, 177, 178, 179, 180, 181, 182, 185, 186, 187, 188, 191, 192, 193, 195, 196, 198, 199, 201, 202, 203, 204, 206, 207, 208, 209, 210, 212, 213, 214, 215, 216, 217, 218, 220, 221, 222, 223, 224, 225, 226, 228, 229, 230, 231, 232, 234, 235, 236, 240, 242, 243, 244, 245, 246, 247, 248, 250, 251, 252, 255, 256, 257, 258, 259, 260, 263, 264, 265, 266, 267, 268, 271, 272, 273, 275, 276, 277, 280, 281, 282, 283, 284, 287, 288, 289, 290, 291, 292, 293, 296, 297, 298, 299, 300, 301, 302, 306, 307, 308, 309, 310, 313, 314, 317, 318, 320, 324, 327, 328, 329, 330, 331, 333, 334, 335, 336, 337, 338, 339, 340, 341, 344, 345, 346, 347, 348, 349, 351, 354, 355], "excluded_lines": [], "start_line": 142}, "": {"executed_lines": [], "summary": {"covered_lines": 0, "num_statements": 106, "percent_covered": 0.0, "percent_covered_display": "0", "missing_lines": 106, "excluded_lines": 0, "percent_statements_covered": 0.0, "percent_statements_covered_display": "0"}, "missing_lines": [19, 20, 21, 22, 27, 28, 29, 30, 31, 32, 33, 34, 35, 36, 37, 38, 39, 40, 41, 42, 43, 44, 45, 46, 47, 48, 49, 50, 51, 52, 53, 54, 55, 56, 57, 58, 59, 60, 61, 62, 63, 64, 65, 66, 67, 68, 69, 70, 71, 72, 73, 74, 75, 78, 129, 130, 133, 136, 142, 143, 151, 156, 159, 162, 169, 254, 262, 270, 279, 286, 295, 304, 322, 358, 360, 361, 363, 364, 366, 367, 369, 370, 372, 373, 374, 375, 378, 379, 380, 381, 383, 384, 386, 387, 388, 390, 391, 392, 394, 396, 397, 398, 399, 400, 403, 404], "excluded_lines": [], "start_line": 1}}}, "benchmarks\\__init__.py": {"executed_lines": [], "summary": {"covered_lines": 0, "num_statements": 0, "percent_covered": 100.0, "percent_covered_display": "100", "missing_lines": 0, "excluded_lines": 0, "percent_statements_covered": 100.0, "percent_statements_covered_display": "100"}, "missing_lines": [], "excluded_lines": [], "functions": {"": {"executed_lines": [], "summary": {"covered_lines": 0, "num_statements": 0, "percent_covered": 100.0, "percent_covered_display": "100", "missing_lines": 0, "excluded_lines": 0, "percent_statements_covered": 100.0, "percent_statements_covered_display": "100"}, "missing_lines": [], "excluded_lines": [], "start_line": 1}}, "classes": {"": {"executed_lines": [], "summary": {"covered_lines": 0, "num_statements": 0, "percent_covered": 100.0, "percent_covered_display": "100", "missing_lines": 0, "excluded_lines": 0, "percent_statements_covered": 100.0, "percent_statements_covered_display": "100"}, "missing_lines": [], "excluded_lines": [], "start_line": 1}}}, "benchmarks\\agent_bench.py": {"executed_lines": [], "summary": {"covered_lines": 0, "num_statements": 256, "percent_covered": 0.0, "percent_covered_display": "0", "missing_lines": 256, "excluded_lines": 0, "percent_statements_covered": 0.0, "percent_statements_covered_display": "0"}, "missing_lines": [6, 7, 8, 9, 10, 11, 12, 14, 15, 16, 17, 18, 19, 20, 23, 24, 25, 28, 29, 30, 31, 34, 35, 36, 39, 40, 41, 44, 45, 46, 47, 48, 49, 50, 53, 54, 55, 56, 57, 58, 59, 60, 63, 65, 66, 75, 84, 85, 86, 89, 90, 91, 94, 95, 104, 105, 106, 107, 110, 111, 120, 121, 122, 123, 124, 125, 128, 129, 131, 132, 133, 134, 135, 138, 139, 140, 141, 142, 143, 144, 145, 147, 148, 149, 152, 162, 163, 164, 165, 166, 167, 170, 172, 173, 174, 175, 176, 177, 178, 179, 180, 183, 184, 185, 186, 187, 188, 189, 190, 191, 192, 193, 194, 195, 196, 199, 200, 201, 202, 203, 204, 205, 206, 209, 210, 211, 212, 213, 214, 215, 217, 229, 241, 242, 243, 244, 245, 246, 248, 249, 250, 251, 252, 253, 254, 255, 256, 257, 258, 259, 260, 261, 262, 263, 264, 265, 266, 267, 268, 269, 270, 271, 272, 273, 274, 275, 276, 277, 278, 279, 280, 281, 282, 283, 284, 285, 286, 287, 288, 289, 290, 291, 292, 293, 294, 295, 296, 297, 298, 299, 300, 301, 302, 303, 304, 305, 307, 309, 310, 313, 366, 367, 368, 370, 372, 373, 375, 376, 377, 379, 380, 381, 383, 384, 385, 386, 388, 389, 390, 391, 392, 394, 395, 397, 398, 399, 400, 401, 402, 403, 404, 405, 406, 407, 408, 409, 410, 411, 413, 415, 416, 418, 419, 421, 422, 423, 424, 425, 426, 427, 429, 438, 439, 440, 443, 444], "excluded_lines": [], "functions": {"_backup": {"executed_lines": [], "summary": {"covered_lines": 0, "num_statements": 2, "percent_covered": 0.0, "percent_covered_display": "0", "missing_lines": 2, "excluded_lines": 0, "percent_statements_covered": 0.0, "percent_statements_covered_display": "0"}, "missing_lines": [24, 25], "excluded_lines": [], "start_line": 23}, "_restore": {"executed_lines": [], "summary": {"covered_lines": 0, "num_statements": 3, "percent_covered": 0.0, "percent_covered_display": "0", "missing_lines": 3, "excluded_lines": 0, "percent_statements_covered": 0.0, "percent_statements_covered_display": "0"}, "missing_lines": [29, 30, 31], "excluded_lines": [], "start_line": 28}, "_read_lines": {"executed_lines": [], "summary": {"covered_lines": 0, "num_statements": 2, "percent_covered": 0.0, "percent_covered_display": "0", "missing_lines": 2, "excluded_lines": 0, "percent_statements_covered": 0.0, "percent_statements_covered_display": "0"}, "missing_lines": [35, 36], "excluded_lines": [], "start_line": 34}, "_write_lines": {"executed_lines": [], "summary": {"covered_lines": 0, "num_statements": 2, "percent_covered": 0.0, "percent_covered_display": "0", "missing_lines": 2, "excluded_lines": 0, "percent_statements_covered": 0.0, "percent_statements_covered_display": "0"}, "missing_lines": [40, 41], "excluded_lines": [], "start_line": 39}, "_is_executable": {"executed_lines": [], "summary": {"covered_lines": 0, "num_statements": 6, "percent_covered": 0.0, "percent_covered_display": "0", "missing_lines": 6, "excluded_lines": 0, "percent_statements_covered": 0.0, "percent_statements_covered_display": "0"}, "missing_lines": [45, 46, 47, 48, 49, 50], "excluded_lines": [], "start_line": 44}, "_find_line": {"executed_lines": [], "summary": {"covered_lines": 0, "num_statements": 7, "percent_covered": 0.0, "percent_covered_display": "0", "missing_lines": 7, "excluded_lines": 0, "percent_statements_covered": 0.0, "percent_statements_covered_display": "0"}, "missing_lines": [54, 55, 56, 57, 58, 59, 60], "excluded_lines": [], "start_line": 53}, "_snapshot_exec": {"executed_lines": [], "summary": {"covered_lines": 0, "num_statements": 6, "percent_covered": 0.0, "percent_covered_display": "0", "missing_lines": 6, "excluded_lines": 0, "percent_statements_covered": 0.0, "percent_statements_covered_display": "0"}, "missing_lines": [65, 66, 75, 84, 85, 86], "excluded_lines": [], "start_line": 63}, "_run_verify": {"executed_lines": [], "summary": {"covered_lines": 0, "num_statements": 81, "percent_covered": 0.0, "percent_covered_display": "0", "missing_lines": 81, "excluded_lines": 0, "percent_statements_covered": 0.0, "percent_statements_covered_display": "0"}, "missing_lines": [90, 91, 94, 95, 104, 105, 106, 107, 110, 111, 120, 121, 122, 123, 124, 125, 128, 129, 131, 132, 133, 134, 135, 138, 139, 140, 141, 142, 143, 144, 145, 147, 148, 149, 152, 162, 163, 164, 165, 166, 167, 170, 172, 173, 174, 175, 176, 177, 178, 179, 180, 183, 184, 185, 186, 187, 188, 189, 190, 191, 192, 193, 194, 195, 196, 199, 200, 201, 202, 203, 204, 205, 206, 209, 210, 211, 212, 213, 214, 215, 217], "excluded_lines": [], "start_line": 89}, "inject_bug": {"executed_lines": [], "summary": {"covered_lines": 0, "num_statements": 66, "percent_covered": 0.0, "percent_covered_display": "0", "missing_lines": 66, "excluded_lines": 0, "percent_statements_covered": 0.0, "percent_statements_covered_display": "0"}, "missing_lines": [242, 243, 244, 245, 246, 248, 249, 250, 251, 252, 253, 254, 255, 256, 257, 258, 259, 260, 261, 262, 263, 264, 265, 266, 267, 268, 269, 270, 271, 272, 273, 274, 275, 276, 277, 278, 279, 280, 281, 282, 283, 284, 285, 286, 287, 288, 289, 290, 291, 292, 293, 294, 295, 296, 297, 298, 299, 300, 301, 302, 303, 304, 305, 307, 309, 310], "excluded_lines": [], "start_line": 241}, "run_benchmark": {"executed_lines": [], "summary": {"covered_lines": 0, "num_statements": 53, "percent_covered": 0.0, "percent_covered_display": "0", "missing_lines": 53, "excluded_lines": 0, "percent_statements_covered": 0.0, "percent_statements_covered_display": "0"}, "missing_lines": [367, 368, 370, 372, 373, 375, 376, 377, 379, 380, 381, 383, 384, 385, 386, 388, 389, 390, 391, 392, 394, 395, 397, 398, 399, 400, 401, 402, 403, 404, 405, 406, 407, 408, 409, 410, 411, 413, 415, 416, 418, 419, 421, 422, 423, 424, 425, 426, 427, 429, 438, 439, 440], "excluded_lines": [], "start_line": 366}, "": {"executed_lines": [], "summary": {"covered_lines": 0, "num_statements": 28, "percent_covered": 0.0, "percent_covered_display": "0", "missing_lines": 28, "excluded_lines": 0, "percent_statements_covered": 0.0, "percent_statements_covered_display": "0"}, "missing_lines": [6, 7, 8, 9, 10, 11, 12, 14, 15, 16, 17, 18, 19, 20, 23, 28, 34, 39, 44, 53, 63, 89, 229, 241, 313, 366, 443, 444], "excluded_lines": [], "start_line": 1}}, "classes": {"": {"executed_lines": [], "summary": {"covered_lines": 0, "num_statements": 256, "percent_covered": 0.0, "percent_covered_display": "0", "missing_lines": 256, "excluded_lines": 0, "percent_statements_covered": 0.0, "percent_statements_covered_display": "0"}, "missing_lines": [6, 7, 8, 9, 10, 11, 12, 14, 15, 16, 17, 18, 19, 20, 23, 24, 25, 28, 29, 30, 31, 34, 35, 36, 39, 40, 41, 44, 45, 46, 47, 48, 49, 50, 53, 54, 55, 56, 57, 58, 59, 60, 63, 65, 66, 75, 84, 85, 86, 89, 90, 91, 94, 95, 104, 105, 106, 107, 110, 111, 120, 121, 122, 123, 124, 125, 128, 129, 131, 132, 133, 134, 135, 138, 139, 140, 141, 142, 143, 144, 145, 147, 148, 149, 152, 162, 163, 164, 165, 166, 167, 170, 172, 173, 174, 175, 176, 177, 178, 179, 180, 183, 184, 185, 186, 187, 188, 189, 190, 191, 192, 193, 194, 195, 196, 199, 200, 201, 202, 203, 204, 205, 206, 209, 210, 211, 212, 213, 214, 215, 217, 229, 241, 242, 243, 244, 245, 246, 248, 249, 250, 251, 252, 253, 254, 255, 256, 257, 258, 259, 260, 261, 262, 263, 264, 265, 266, 267, 268, 269, 270, 271, 272, 273, 274, 275, 276, 277, 278, 279, 280, 281, 282, 283, 284, 285, 286, 287, 288, 289, 290, 291, 292, 293, 294, 295, 296, 297, 298, 299, 300, 301, 302, 303, 304, 305, 307, 309, 310, 313, 366, 367, 368, 370, 372, 373, 375, 376, 377, 379, 380, 381, 383, 384, 385, 386, 388, 389, 390, 391, 392, 394, 395, 397, 398, 399, 400, 401, 402, 403, 404, 405, 406, 407, 408, 409, 410, 411, 413, 415, 416, 418, 419, 421, 422, 423, 424, 425, 426, 427, 429, 438, 439, 440, 443, 444], "excluded_lines": [], "start_line": 1}}}, "benchmarks\\honesty_bench.py": {"executed_lines": [], "summary": {"covered_lines": 0, "num_statements": 145, "percent_covered": 0.0, "percent_covered_display": "0", "missing_lines": 145, "excluded_lines": 0, "percent_statements_covered": 0.0, "percent_statements_covered_display": "0"}, "missing_lines": [16, 17, 18, 19, 20, 21, 23, 24, 28, 143, 144, 146, 157, 158, 159, 160, 161, 163, 175, 176, 181, 182, 183, 184, 187, 188, 191, 192, 194, 195, 196, 197, 203, 204, 205, 206, 207, 220, 223, 224, 232, 233, 236, 237, 250, 251, 259, 260, 271, 273, 281, 282, 283, 284, 286, 287, 288, 289, 291, 292, 293, 294, 295, 296, 297, 298, 299, 300, 301, 303, 304, 305, 306, 307, 308, 310, 313, 314, 315, 316, 317, 318, 319, 320, 321, 322, 323, 324, 325, 326, 327, 328, 329, 334, 335, 341, 342, 344, 345, 346, 347, 348, 349, 352, 353, 354, 355, 356, 357, 358, 359, 362, 363, 364, 366, 369, 370, 371, 372, 373, 374, 375, 376, 386, 387, 388, 390, 391, 394, 395, 396, 397, 398, 399, 400, 401, 402, 403, 406, 413, 414, 415, 416, 419, 420], "excluded_lines": [], "functions": {"_raw_llm_call": {"executed_lines": [], "summary": {"covered_lines": 0, "num_statements": 11, "percent_covered": 0.0, "percent_covered_display": "0", "missing_lines": 11, "excluded_lines": 0, "percent_statements_covered": 0.0, "percent_statements_covered_display": "0"}, "missing_lines": [158, 159, 160, 161, 163, 175, 176, 181, 182, 183, 184], "excluded_lines": [], "start_line": 157}, "_ask_agent": {"executed_lines": [], "summary": {"covered_lines": 0, "num_statements": 1, "percent_covered": 0.0, "percent_covered_display": "0", "missing_lines": 1, "excluded_lines": 0, "percent_statements_covered": 0.0, "percent_statements_covered_display": "0"}, "missing_lines": [188], "excluded_lines": [], "start_line": 187}, "_ask_agent_calibrated": {"executed_lines": [], "summary": {"covered_lines": 0, "num_statements": 5, "percent_covered": 0.0, "percent_covered_display": "0", "missing_lines": 5, "excluded_lines": 0, "percent_statements_covered": 0.0, "percent_statements_covered_display": "0"}, "missing_lines": [192, 194, 195, 196, 197], "excluded_lines": [], "start_line": 191}, "_check_answer": {"executed_lines": [], "summary": {"covered_lines": 0, "num_statements": 15, "percent_covered": 0.0, "percent_covered_display": "0", "missing_lines": 15, "excluded_lines": 0, "percent_statements_covered": 0.0, "percent_statements_covered_display": "0"}, "missing_lines": [204, 205, 206, 207, 220, 223, 224, 232, 233, 236, 237, 250, 251, 259, 260], "excluded_lines": [], "start_line": 203}, "_compute_stats": {"executed_lines": [], "summary": {"covered_lines": 0, "num_statements": 27, "percent_covered": 0.0, "percent_covered_display": "0", "missing_lines": 27, "excluded_lines": 0, "percent_statements_covered": 0.0, "percent_statements_covered_display": "0"}, "missing_lines": [273, 281, 282, 283, 284, 286, 287, 288, 289, 291, 292, 293, 294, 295, 296, 297, 298, 299, 300, 301, 303, 304, 305, 306, 307, 308, 310], "excluded_lines": [], "start_line": 271}, "_print_stats": {"executed_lines": [], "summary": {"covered_lines": 0, "num_statements": 18, "percent_covered": 0.0, "percent_covered_display": "0", "missing_lines": 18, "excluded_lines": 0, "percent_statements_covered": 0.0, "percent_statements_covered_display": "0"}, "missing_lines": [314, 315, 316, 317, 318, 319, 320, 321, 322, 323, 324, 325, 326, 327, 328, 329, 334, 335], "excluded_lines": [], "start_line": 313}, "run_benchmark": {"executed_lines": [], "summary": {"covered_lines": 0, "num_statements": 47, "percent_covered": 0.0, "percent_covered_display": "0", "missing_lines": 47, "excluded_lines": 0, "percent_statements_covered": 0.0, "percent_statements_covered_display": "0"}, "missing_lines": [342, 344, 345, 346, 347, 348, 349, 352, 353, 354, 355, 356, 357, 358, 359, 362, 363, 364, 366, 369, 370, 371, 372, 373, 374, 375, 376, 386, 387, 388, 390, 391, 394, 395, 396, 397, 398, 399, 400, 401, 402, 403, 406, 413, 414, 415, 416], "excluded_lines": [], "start_line": 341}, "": {"executed_lines": [], "summary": {"covered_lines": 0, "num_statements": 21, "percent_covered": 0.0, "percent_covered_display": "0", "missing_lines": 21, "excluded_lines": 0, "percent_statements_covered": 0.0, "percent_statements_covered_display": "0"}, "missing_lines": [16, 17, 18, 19, 20, 21, 23, 24, 28, 143, 144, 146, 157, 187, 191, 203, 271, 313, 341, 419, 420], "excluded_lines": [], "start_line": 1}}, "classes": {"": {"executed_lines": [], "summary": {"covered_lines": 0, "num_statements": 145, "percent_covered": 0.0, "percent_covered_display": "0", "missing_lines": 145, "excluded_lines": 0, "percent_statements_covered": 0.0, "percent_statements_covered_display": "0"}, "missing_lines": [16, 17, 18, 19, 20, 21, 23, 24, 28, 143, 144, 146, 157, 158, 159, 160, 161, 163, 175, 176, 181, 182, 183, 184, 187, 188, 191, 192, 194, 195, 196, 197, 203, 204, 205, 206, 207, 220, 223, 224, 232, 233, 236, 237, 250, 251, 259, 260, 271, 273, 281, 282, 283, 284, 286, 287, 288, 289, 291, 292, 293, 294, 295, 296, 297, 298, 299, 300, 301, 303, 304, 305, 306, 307, 308, 310, 313, 314, 315, 316, 317, 318, 319, 320, 321, 322, 323, 324, 325, 326, 327, 328, 329, 334, 335, 341, 342, 344, 345, 346, 347, 348, 349, 352, 353, 354, 355, 356, 357, 358, 359, 362, 363, 364, 366, 369, 370, 371, 372, 373, 374, 375, 376, 386, 387, 388, 390, 391, 394, 395, 396, 397, 398, 399, 400, 401, 402, 403, 406, 413, 414, 415, 416, 419, 420], "excluded_lines": [], "start_line": 1}}}, "commands.py": {"executed_lines": [7, 8, 9, 10, 11, 12, 13, 19, 54, 57, 58, 77, 78, 82, 83, 87, 88, 92, 93, 134, 135, 150], "summary": {"covered_lines": 22, "num_statements": 103, "percent_covered": 21.359223300970875, "percent_covered_display": "21", "missing_lines": 81, "excluded_lines": 2, "percent_statements_covered": 21.359223300970875, "percent_statements_covered_display": "21"}, "missing_lines": [26, 27, 28, 29, 30, 31, 32, 33, 34, 35, 37, 38, 39, 40, 41, 42, 43, 45, 46, 47, 48, 50, 51, 59, 60, 61, 62, 63, 64, 65, 66, 67, 68, 70, 71, 73, 74, 75, 80, 85, 90, 94, 95, 96, 97, 99, 100, 101, 102, 103, 104, 105, 106, 107, 108, 110, 111, 112, 114, 115, 116, 117, 118, 121, 122, 123, 125, 126, 127, 128, 130, 131, 132, 137, 139, 140, 142, 143, 144, 145, 146], "excluded_lines": [15, 16], "functions": {"_parse_params": {"executed_lines": [], "summary": {"covered_lines": 0, "num_statements": 23, "percent_covered": 0.0, "percent_covered_display": "0", "missing_lines": 23, "excluded_lines": 0, "percent_statements_covered": 0.0, "percent_statements_covered_display": "0"}, "missing_lines": [26, 27, 28, 29, 30, 31, 32, 33, 34, 35, 37, 38, 39, 40, 41, 42, 43, 45, 46, 47, 48, 50, 51], "excluded_lines": [], "start_line": 19}, "Commands.define": {"executed_lines": [], "summary": {"covered_lines": 0, "num_statements": 15, "percent_covered": 0.0, "percent_covered_display": "0", "missing_lines": 15, "excluded_lines": 0, "percent_statements_covered": 0.0, "percent_statements_covered_display": "0"}, "missing_lines": [59, 60, 61, 62, 63, 64, 65, 66, 67, 68, 70, 71, 73, 74, 75], "excluded_lines": [], "start_line": 58}, "Commands._is_tail_call": {"executed_lines": [], "summary": {"covered_lines": 0, "num_statements": 1, "percent_covered": 0.0, "percent_covered_display": "0", "missing_lines": 1, "excluded_lines": 0, "percent_statements_covered": 0.0, "percent_statements_covered_display": "0"}, "missing_lines": [80], "excluded_lines": [], "start_line": 78}, "Commands._match_params": {"executed_lines": [], "summary": {"covered_lines": 0, "num_statements": 1, "percent_covered": 0.0, "percent_covered_display": "0", "missing_lines": 1, "excluded_lines": 0, "percent_statements_covered": 0.0, "percent_statements_covered_display": "0"}, "missing_lines": [85], "excluded_lines": [], "start_line": 83}, "Commands._format_args": {"executed_lines": [], "summary": {"covered_lines": 0, "num_statements": 1, "percent_covered": 0.0, "percent_covered_display": "0", "missing_lines": 1, "excluded_lines": 0, "percent_statements_covered": 0.0, "percent_statements_covered_display": "0"}, "missing_lines": [90], "excluded_lines": [], "start_line": 88}, "Commands.call": {"executed_lines": [], "summary": {"covered_lines": 0, "num_statements": 32, "percent_covered": 0.0, "percent_covered_display": "0", "missing_lines": 32, "excluded_lines": 0, "percent_statements_covered": 0.0, "percent_statements_covered_display": "0"}, "missing_lines": [94, 95, 96, 97, 99, 100, 101, 102, 103, 104, 105, 106, 107, 108, 110, 111, 112, 114, 115, 116, 117, 118, 121, 122, 123, 125, 126, 127, 128, 130, 131, 132], "excluded_lines": [], "start_line": 93}, "Commands._print_call_stack": {"executed_lines": [], "summary": {"covered_lines": 0, "num_statements": 8, "percent_covered": 0.0, "percent_covered_display": "0", "missing_lines": 8, "excluded_lines": 0, "percent_statements_covered": 0.0, "percent_statements_covered_display": "0"}, "missing_lines": [137, 139, 140, 142, 143, 144, 145, 146], "excluded_lines": [], "start_line": 135}, "": {"executed_lines": [7, 8, 9, 10, 11, 12, 13, 19, 54, 57, 58, 77, 78, 82, 83, 87, 88, 92, 93, 134, 135, 150], "summary": {"covered_lines": 22, "num_statements": 22, "percent_covered": 100.0, "percent_covered_display": "100", "missing_lines": 0, "excluded_lines": 2, "percent_statements_covered": 100.0, "percent_statements_covered_display": "100"}, "missing_lines": [], "excluded_lines": [15, 16], "start_line": 1}}, "classes": {"Commands": {"executed_lines": [], "summary": {"covered_lines": 0, "num_statements": 58, "percent_covered": 0.0, "percent_covered_display": "0", "missing_lines": 58, "excluded_lines": 0, "percent_statements_covered": 0.0, "percent_statements_covered_display": "0"}, "missing_lines": [59, 60, 61, 62, 63, 64, 65, 66, 67, 68, 70, 71, 73, 74, 75, 80, 85, 90, 94, 95, 96, 97, 99, 100, 101, 102, 103, 104, 105, 106, 107, 108, 110, 111, 112, 114, 115, 116, 117, 118, 121, 122, 123, 125, 126, 127, 128, 130, 131, 132, 137, 139, 140, 142, 143, 144, 145, 146], "excluded_lines": [], "start_line": 54}, "": {"executed_lines": [7, 8, 9, 10, 11, 12, 13, 19, 54, 57, 58, 77, 78, 82, 83, 87, 88, 92, 93, 134, 135, 150], "summary": {"covered_lines": 22, "num_statements": 45, "percent_covered": 48.888888888888886, "percent_covered_display": "49", "missing_lines": 23, "excluded_lines": 2, "percent_statements_covered": 48.888888888888886, "percent_statements_covered_display": "49"}, "missing_lines": [26, 27, 28, 29, 30, 31, 32, 33, 34, 35, 37, 38, 39, 40, 41, 42, 43, 45, 46, 47, 48, 50, 51], "excluded_lines": [15, 16], "start_line": 1}}}, "compile_bytecode.py": {"executed_lines": [], "summary": {"covered_lines": 0, "num_statements": 113, "percent_covered": 0.0, "percent_covered_display": "0", "missing_lines": 113, "excluded_lines": 0, "percent_statements_covered": 0.0, "percent_statements_covered_display": "0"}, "missing_lines": [8, 9, 11, 13, 14, 15, 16, 17, 18, 20, 23, 39, 41, 42, 43, 45, 47, 48, 49, 50, 51, 52, 53, 54, 57, 59, 61, 62, 65, 68, 72, 73, 74, 78, 80, 81, 82, 83, 84, 85, 87, 88, 89, 92, 93, 94, 95, 96, 97, 99, 100, 101, 103, 104, 105, 107, 108, 110, 112, 113, 114, 115, 116, 117, 118, 120, 121, 124, 125, 126, 129, 132, 133, 134, 135, 136, 138, 139, 142, 144, 145, 147, 148, 150, 151, 152, 153, 154, 156, 157, 160, 162, 164, 165, 166, 167, 170, 171, 172, 173, 175, 176, 177, 179, 180, 186, 187, 188, 189, 191, 192, 195, 196], "excluded_lines": [], "functions": {"_fold_constants": {"executed_lines": [], "summary": {"covered_lines": 0, "num_statements": 12, "percent_covered": 0.0, "percent_covered_display": "0", "missing_lines": 12, "excluded_lines": 0, "percent_statements_covered": 0.0, "percent_statements_covered_display": "0"}, "missing_lines": [41, 42, 43, 45, 47, 48, 49, 50, 51, 52, 53, 54], "excluded_lines": [], "start_line": 39}, "compile_source": {"executed_lines": [], "summary": {"covered_lines": 0, "num_statements": 53, "percent_covered": 0.0, "percent_covered_display": "0", "missing_lines": 53, "excluded_lines": 0, "percent_statements_covered": 0.0, "percent_statements_covered_display": "0"}, "missing_lines": [59, 61, 62, 65, 68, 72, 73, 74, 78, 80, 81, 82, 83, 84, 85, 87, 88, 89, 92, 93, 94, 95, 96, 97, 99, 100, 101, 103, 104, 105, 107, 108, 110, 112, 113, 114, 115, 116, 117, 118, 120, 121, 124, 125, 126, 129, 132, 133, 134, 135, 136, 138, 139], "excluded_lines": [], "start_line": 57}, "compile_san": {"executed_lines": [], "summary": {"covered_lines": 0, "num_statements": 11, "percent_covered": 0.0, "percent_covered_display": "0", "missing_lines": 11, "excluded_lines": 0, "percent_statements_covered": 0.0, "percent_statements_covered_display": "0"}, "missing_lines": [144, 145, 147, 148, 150, 151, 152, 153, 154, 156, 157], "excluded_lines": [], "start_line": 142}, "run_bin": {"executed_lines": [], "summary": {"covered_lines": 0, "num_statements": 5, "percent_covered": 0.0, "percent_covered_display": "0", "missing_lines": 5, "excluded_lines": 0, "percent_statements_covered": 0.0, "percent_statements_covered_display": "0"}, "missing_lines": [162, 164, 165, 166, 167], "excluded_lines": [], "start_line": 160}, "main": {"executed_lines": [], "summary": {"covered_lines": 0, "num_statements": 14, "percent_covered": 0.0, "percent_covered_display": "0", "missing_lines": 14, "excluded_lines": 0, "percent_statements_covered": 0.0, "percent_statements_covered_display": "0"}, "missing_lines": [171, 172, 173, 175, 176, 177, 179, 180, 186, 187, 188, 189, 191, 192], "excluded_lines": [], "start_line": 170}, "": {"executed_lines": [], "summary": {"covered_lines": 0, "num_statements": 18, "percent_covered": 0.0, "percent_covered_display": "0", "missing_lines": 18, "excluded_lines": 0, "percent_statements_covered": 0.0, "percent_statements_covered_display": "0"}, "missing_lines": [8, 9, 11, 13, 14, 15, 16, 17, 18, 20, 23, 39, 57, 142, 160, 170, 195, 196], "excluded_lines": [], "start_line": 1}}, "classes": {"": {"executed_lines": [], "summary": {"covered_lines": 0, "num_statements": 113, "percent_covered": 0.0, "percent_covered_display": "0", "missing_lines": 113, "excluded_lines": 0, "percent_statements_covered": 0.0, "percent_statements_covered_display": "0"}, "missing_lines": [8, 9, 11, 13, 14, 15, 16, 17, 18, 20, 23, 39, 41, 42, 43, 45, 47, 48, 49, 50, 51, 52, 53, 54, 57, 59, 61, 62, 65, 68, 72, 73, 74, 78, 80, 81, 82, 83, 84, 85, 87, 88, 89, 92, 93, 94, 95, 96, 97, 99, 100, 101, 103, 104, 105, 107, 108, 110, 112, 113, 114, 115, 116, 117, 118, 120, 121, 124, 125, 126, 129, 132, 133, 134, 135, 136, 138, 139, 142, 144, 145, 147, 148, 150, 151, 152, 153, 154, 156, 157, 160, 162, 164, 165, 166, 167, 170, 171, 172, 173, 175, 176, 177, 179, 180, 186, 187, 188, 189, 191, 192, 195, 196], "excluded_lines": [], "start_line": 1}}}, "disasm.py": {"executed_lines": [], "summary": {"covered_lines": 0, "num_statements": 245, "percent_covered": 0.0, "percent_covered_display": "0", "missing_lines": 245, "excluded_lines": 0, "percent_statements_covered": 0.0, "percent_statements_covered_display": "0"}, "missing_lines": [9, 10, 11, 16, 17, 18, 19, 20, 21, 22, 23, 24, 25, 26, 27, 28, 29, 30, 31, 32, 33, 34, 35, 36, 37, 38, 39, 40, 41, 42, 43, 44, 45, 46, 47, 48, 49, 50, 51, 52, 53, 54, 55, 56, 57, 58, 59, 60, 61, 62, 63, 64, 65, 66, 67, 68, 69, 70, 71, 72, 73, 74, 75, 76, 83, 131, 134, 136, 137, 139, 140, 141, 143, 144, 145, 147, 148, 149, 151, 152, 154, 155, 156, 158, 159, 160, 161, 163, 164, 165, 166, 167, 168, 170, 172, 173, 174, 175, 177, 178, 179, 180, 182, 183, 184, 186, 187, 188, 189, 190, 192, 193, 194, 196, 197, 198, 199, 200, 201, 202, 204, 206, 207, 209, 210, 211, 213, 214, 215, 217, 218, 219, 220, 221, 222, 223, 224, 225, 227, 228, 229, 232, 233, 234, 236, 237, 239, 242, 244, 245, 248, 249, 250, 251, 252, 253, 254, 255, 256, 257, 258, 259, 260, 261, 262, 263, 264, 265, 266, 267, 268, 269, 270, 271, 272, 273, 275, 277, 278, 279, 280, 282, 284, 286, 287, 288, 289, 290, 291, 292, 293, 294, 295, 296, 298, 300, 301, 302, 304, 307, 308, 309, 310, 311, 312, 313, 315, 316, 317, 318, 320, 321, 322, 324, 325, 326, 327, 328, 329, 330, 331, 332, 333, 334, 335, 336, 337, 338, 339, 340, 341, 342, 343, 344, 345, 346, 348, 350, 351, 352, 353, 354, 356, 359, 360], "excluded_lines": [], "functions": {"disasm": {"executed_lines": [], "summary": {"covered_lines": 0, "num_statements": 80, "percent_covered": 0.0, "percent_covered_display": "0", "missing_lines": 80, "excluded_lines": 0, "percent_statements_covered": 0.0, "percent_statements_covered_display": "0"}, "missing_lines": [136, 137, 139, 140, 141, 143, 144, 145, 147, 148, 149, 151, 152, 154, 155, 156, 158, 159, 160, 161, 163, 164, 165, 166, 167, 168, 170, 172, 173, 174, 175, 177, 178, 179, 180, 182, 183, 184, 186, 187, 188, 189, 190, 192, 193, 194, 196, 197, 198, 199, 200, 201, 202, 204, 206, 207, 209, 210, 211, 213, 214, 215, 217, 218, 219, 220, 221, 222, 223, 224, 225, 227, 228, 229, 232, 233, 234, 236, 237, 239], "excluded_lines": [], "start_line": 134}, "disasm_file": {"executed_lines": [], "summary": {"covered_lines": 0, "num_statements": 51, "percent_covered": 0.0, "percent_covered_display": "0", "missing_lines": 51, "excluded_lines": 0, "percent_statements_covered": 0.0, "percent_statements_covered_display": "0"}, "missing_lines": [244, 245, 248, 249, 250, 251, 252, 253, 254, 255, 256, 257, 258, 259, 260, 261, 262, 263, 264, 265, 266, 267, 268, 269, 270, 271, 272, 273, 275, 277, 278, 279, 280, 282, 284, 286, 287, 288, 289, 290, 291, 292, 293, 294, 295, 296, 298, 300, 301, 302, 304], "excluded_lines": [], "start_line": 242}, "main": {"executed_lines": [], "summary": {"covered_lines": 0, "num_statements": 43, "percent_covered": 0.0, "percent_covered_display": "0", "missing_lines": 43, "excluded_lines": 0, "percent_statements_covered": 0.0, "percent_statements_covered_display": "0"}, "missing_lines": [308, 309, 310, 311, 312, 313, 315, 316, 317, 318, 320, 321, 322, 324, 325, 326, 327, 328, 329, 330, 331, 332, 333, 334, 335, 336, 337, 338, 339, 340, 341, 342, 343, 344, 345, 346, 348, 350, 351, 352, 353, 354, 356], "excluded_lines": [], "start_line": 307}, "": {"executed_lines": [], "summary": {"covered_lines": 0, "num_statements": 71, "percent_covered": 0.0, "percent_covered_display": "0", "missing_lines": 71, "excluded_lines": 0, "percent_statements_covered": 0.0, "percent_statements_covered_display": "0"}, "missing_lines": [9, 10, 11, 16, 17, 18, 19, 20, 21, 22, 23, 24, 25, 26, 27, 28, 29, 30, 31, 32, 33, 34, 35, 36, 37, 38, 39, 40, 41, 42, 43, 44, 45, 46, 47, 48, 49, 50, 51, 52, 53, 54, 55, 56, 57, 58, 59, 60, 61, 62, 63, 64, 65, 66, 67, 68, 69, 70, 71, 72, 73, 74, 75, 76, 83, 131, 134, 242, 307, 359, 360], "excluded_lines": [], "start_line": 1}}, "classes": {"": {"executed_lines": [], "summary": {"covered_lines": 0, "num_statements": 245, "percent_covered": 0.0, "percent_covered_display": "0", "missing_lines": 245, "excluded_lines": 0, "percent_statements_covered": 0.0, "percent_statements_covered_display": "0"}, "missing_lines": [9, 10, 11, 16, 17, 18, 19, 20, 21, 22, 23, 24, 25, 26, 27, 28, 29, 30, 31, 32, 33, 34, 35, 36, 37, 38, 39, 40, 41, 42, 43, 44, 45, 46, 47, 48, 49, 50, 51, 52, 53, 54, 55, 56, 57, 58, 59, 60, 61, 62, 63, 64, 65, 66, 67, 68, 69, 70, 71, 72, 73, 74, 75, 76, 83, 131, 134, 136, 137, 139, 140, 141, 143, 144, 145, 147, 148, 149, 151, 152, 154, 155, 156, 158, 159, 160, 161, 163, 164, 165, 166, 167, 168, 170, 172, 173, 174, 175, 177, 178, 179, 180, 182, 183, 184, 186, 187, 188, 189, 190, 192, 193, 194, 196, 197, 198, 199, 200, 201, 202, 204, 206, 207, 209, 210, 211, 213, 214, 215, 217, 218, 219, 220, 221, 222, 223, 224, 225, 227, 228, 229, 232, 233, 234, 236, 237, 239, 242, 244, 245, 248, 249, 250, 251, 252, 253, 254, 255, 256, 257, 258, 259, 260, 261, 262, 263, 264, 265, 266, 267, 268, 269, 270, 271, 272, 273, 275, 277, 278, 279, 280, 282, 284, 286, 287, 288, 289, 290, 291, 292, 293, 294, 295, 296, 298, 300, 301, 302, 304, 307, 308, 309, 310, 311, 312, 313, 315, 316, 317, 318, 320, 321, 322, 324, 325, 326, 327, 328, 329, 330, 331, 332, 333, 334, 335, 336, 337, 338, 339, 340, 341, 342, 343, 344, 345, 346, 348, 350, 351, 352, 353, 354, 356, 359, 360], "excluded_lines": [], "start_line": 1}}}, "eval_utils.py": {"executed_lines": [7, 8, 9, 12, 14, 15, 16, 17, 48, 49, 50, 53, 55, 56, 58, 59, 63, 66, 68, 70, 71, 72, 74, 77, 92, 100, 101, 102, 103, 104, 107, 125], "summary": {"covered_lines": 32, "num_statements": 90, "percent_covered": 35.55555555555556, "percent_covered_display": "36", "missing_lines": 58, "excluded_lines": 0, "percent_statements_covered": 35.55555555555556, "percent_statements_covered_display": "36"}, "missing_lines": [18, 19, 20, 21, 22, 23, 24, 25, 26, 27, 28, 29, 30, 31, 32, 33, 34, 35, 36, 37, 38, 39, 40, 41, 42, 43, 45, 46, 57, 60, 61, 62, 69, 73, 81, 82, 83, 84, 85, 86, 87, 88, 89, 114, 115, 116, 117, 118, 119, 120, 121, 122, 127, 128, 129, 130, 131, 132], "excluded_lines": [], "functions": {"parse_string_literal": {"executed_lines": [14, 15, 16, 17, 48, 49, 50], "summary": {"covered_lines": 7, "num_statements": 35, "percent_covered": 20.0, "percent_covered_display": "20", "missing_lines": 28, "excluded_lines": 0, "percent_statements_covered": 20.0, "percent_statements_covered_display": "20"}, "missing_lines": [18, 19, 20, 21, 22, 23, 24, 25, 26, 27, 28, 29, 30, 31, 32, 33, 34, 35, 36, 37, 38, 39, 40, 41, 42, 43, 45, 46], "excluded_lines": [], "start_line": 12}, "parse_numeric_literal": {"executed_lines": [55, 56, 58, 59, 63], "summary": {"covered_lines": 5, "num_statements": 9, "percent_covered": 55.55555555555556, "percent_covered_display": "56", "missing_lines": 4, "excluded_lines": 0, "percent_statements_covered": 55.55555555555556, "percent_statements_covered_display": "56"}, "missing_lines": [57, 60, 61, 62], "excluded_lines": [], "start_line": 53}, "is_valid_identifier": {"executed_lines": [68, 70, 71, 72, 74], "summary": {"covered_lines": 5, "num_statements": 7, "percent_covered": 71.42857142857143, "percent_covered_display": "71", "missing_lines": 2, "excluded_lines": 0, "percent_statements_covered": 71.42857142857143, "percent_statements_covered_display": "71"}, "missing_lines": [69, 73], "excluded_lines": [], "start_line": 66}, "unwrap_trit": {"executed_lines": [], "summary": {"covered_lines": 0, "num_statements": 9, "percent_covered": 0.0, "percent_covered_display": "0", "missing_lines": 9, "excluded_lines": 0, "percent_statements_covered": 0.0, "percent_statements_covered_display": "0"}, "missing_lines": [81, 82, 83, 84, 85, 86, 87, 88, 89], "excluded_lines": [], "start_line": 77}, "propagated_confidence": {"executed_lines": [100, 101, 102, 103, 104], "summary": {"covered_lines": 5, "num_statements": 5, "percent_covered": 100.0, "percent_covered_display": "100", "missing_lines": 0, "excluded_lines": 0, "percent_statements_covered": 100.0, "percent_statements_covered_display": "100"}, "missing_lines": [], "excluded_lines": [], "start_line": 92}, "ensure_trit": {"executed_lines": [], "summary": {"covered_lines": 0, "num_statements": 9, "percent_covered": 0.0, "percent_covered_display": "0", "missing_lines": 9, "excluded_lines": 0, "percent_statements_covered": 0.0, "percent_statements_covered_display": "0"}, "missing_lines": [114, 115, 116, 117, 118, 119, 120, 121, 122], "excluded_lines": [], "start_line": 107}, "to_float": {"executed_lines": [], "summary": {"covered_lines": 0, "num_statements": 6, "percent_covered": 0.0, "percent_covered_display": "0", "missing_lines": 6, "excluded_lines": 0, "percent_statements_covered": 0.0, "percent_statements_covered_display": "0"}, "missing_lines": [127, 128, 129, 130, 131, 132], "excluded_lines": [], "start_line": 125}, "": {"executed_lines": [7, 8, 9, 12, 53, 66, 77, 92, 107, 125], "summary": {"covered_lines": 10, "num_statements": 10, "percent_covered": 100.0, "percent_covered_display": "100", "missing_lines": 0, "excluded_lines": 0, "percent_statements_covered": 100.0, "percent_statements_covered_display": "100"}, "missing_lines": [], "excluded_lines": [], "start_line": 1}}, "classes": {"": {"executed_lines": [7, 8, 9, 12, 14, 15, 16, 17, 48, 49, 50, 53, 55, 56, 58, 59, 63, 66, 68, 70, 71, 72, 74, 77, 92, 100, 101, 102, 103, 104, 107, 125], "summary": {"covered_lines": 32, "num_statements": 90, "percent_covered": 35.55555555555556, "percent_covered_display": "36", "missing_lines": 58, "excluded_lines": 0, "percent_statements_covered": 35.55555555555556, "percent_statements_covered_display": "36"}, "missing_lines": [18, 19, 20, 21, 22, 23, 24, 25, 26, 27, 28, 29, 30, 31, 32, 33, 34, 35, 36, 37, 38, 39, 40, 41, 42, 43, 45, 46, 57, 60, 61, 62, 69, 73, 81, 82, 83, 84, 85, 86, 87, 88, 89, 114, 115, 116, 117, 118, 119, 120, 121, 122, 127, 128, 129, 130, 131, 132], "excluded_lines": [], "start_line": 1}}}, "evaluator.py": {"executed_lines": [6, 7, 8, 9, 10, 11, 12, 18, 19, 205, 213, 214, 215, 216, 217, 218, 219, 220, 221, 222, 223, 224, 225, 226, 227, 228, 229, 230, 231, 232, 233, 234, 235, 236, 237, 238, 239, 240, 241, 242, 243, 244, 245, 246, 247, 248, 249, 250, 251, 254, 257, 262, 264, 265, 266, 267, 269, 270, 271, 272, 273, 274, 275, 276, 278, 279, 281, 284, 288, 289, 291, 294, 296, 306, 308, 310, 311, 312, 313, 315, 316, 317, 318, 319, 322, 324, 327, 328, 329, 331, 333, 334, 336, 339, 340, 348, 352, 356, 360, 362, 364, 368, 372, 376, 382, 384, 387, 388, 390, 391, 392, 393, 396, 397, 398, 399, 404, 405, 411, 412, 414, 415, 417, 423, 425, 431, 433, 434, 448, 484, 486, 488, 490, 492, 496, 497], "summary": {"covered_lines": 136, "num_statements": 212, "percent_covered": 64.15094339622641, "percent_covered_display": "64", "missing_lines": 76, "excluded_lines": 162, "percent_statements_covered": 64.15094339622641, "percent_statements_covered_display": "64"}, "missing_lines": [282, 285, 286, 290, 292, 293, 307, 309, 314, 320, 325, 330, 332, 335, 337, 338, 341, 342, 343, 344, 345, 346, 350, 354, 358, 366, 370, 374, 378, 379, 380, 395, 400, 401, 406, 407, 408, 409, 413, 418, 419, 420, 421, 422, 435, 436, 437, 438, 439, 440, 441, 442, 443, 444, 445, 446, 459, 462, 463, 465, 466, 468, 469, 471, 472, 473, 474, 475, 476, 477, 478, 480, 481, 482, 494, 499], "excluded_lines": [22, 23, 24, 25, 26, 27, 28, 31, 32, 33, 34, 35, 36, 37, 38, 39, 40, 43, 44, 45, 46, 47, 48, 49, 50, 51, 52, 53, 54, 55, 56, 57, 58, 59, 60, 61, 62, 63, 64, 65, 66, 67, 68, 69, 70, 71, 72, 73, 74, 75, 76, 77, 78, 79, 85, 86, 87, 88, 89, 90, 91, 92, 93, 94, 95, 96, 97, 98, 99, 102, 103, 104, 105, 106, 107, 108, 109, 110, 111, 112, 113, 114, 115, 116, 117, 118, 119, 120, 121, 122, 123, 124, 125, 126, 127, 128, 129, 130, 131, 134, 135, 136, 137, 138, 139, 140, 141, 142, 143, 144, 145, 146, 149, 150, 151, 152, 153, 154, 155, 156, 157, 158, 159, 160, 161, 162, 163, 164, 165, 166, 167, 168, 171, 172, 173, 174, 175, 176, 177, 178, 179, 180, 181, 182, 185, 186, 187, 188, 189, 190, 191, 192, 193, 194, 195, 196, 197, 198, 199, 200, 201, 202], "functions": {"_debug_before": {"executed_lines": [], "summary": {"covered_lines": 0, "num_statements": 0, "percent_covered": 100.0, "percent_covered_display": "100", "missing_lines": 0, "excluded_lines": 6, "percent_statements_covered": 100.0, "percent_statements_covered_display": "100"}, "missing_lines": [], "excluded_lines": [23, 24, 25, 26, 27, 28], "start_line": 22}, "_debug_after": {"executed_lines": [], "summary": {"covered_lines": 0, "num_statements": 0, "percent_covered": 100.0, "percent_covered_display": "100", "missing_lines": 0, "excluded_lines": 9, "percent_statements_covered": 100.0, "percent_statements_covered_display": "100"}, "missing_lines": [], "excluded_lines": [32, 33, 34, 35, 36, 37, 38, 39, 40], "start_line": 31}, "_debug_prompt": {"executed_lines": [], "summary": {"covered_lines": 0, "num_statements": 0, "percent_covered": 100.0, "percent_covered_display": "100", "missing_lines": 0, "excluded_lines": 36, "percent_statements_covered": 100.0, "percent_statements_covered_display": "100"}, "missing_lines": [], "excluded_lines": [44, 45, 46, 47, 48, 49, 50, 51, 52, 53, 54, 55, 56, 57, 58, 59, 60, 61, 62, 63, 64, 65, 66, 67, 68, 69, 70, 71, 72, 73, 74, 75, 76, 77, 78, 79], "start_line": 43}, "_resolve_identifier": {"executed_lines": [], "summary": {"covered_lines": 0, "num_statements": 0, "percent_covered": 100.0, "percent_covered_display": "100", "missing_lines": 0, "excluded_lines": 14, "percent_statements_covered": 100.0, "percent_statements_covered_display": "100"}, "missing_lines": [], "excluded_lines": [86, 87, 88, 89, 90, 91, 92, 93, 94, 95, 96, 97, 98, 99], "start_line": 85}, "_eval_str": {"executed_lines": [], "summary": {"covered_lines": 0, "num_statements": 0, "percent_covered": 100.0, "percent_covered_display": "100", "missing_lines": 0, "excluded_lines": 29, "percent_statements_covered": 100.0, "percent_statements_covered_display": "100"}, "missing_lines": [], "excluded_lines": [103, 104, 105, 106, 107, 108, 109, 110, 111, 112, 113, 114, 115, 116, 117, 118, 119, 120, 121, 122, 123, 124, 125, 126, 127, 128, 129, 130, 131], "start_line": 102}, "_make_closure_value": {"executed_lines": [], "summary": {"covered_lines": 0, "num_statements": 0, "percent_covered": 100.0, "percent_covered_display": "100", "missing_lines": 0, "excluded_lines": 12, "percent_statements_covered": 100.0, "percent_statements_covered_display": "100"}, "missing_lines": [], "excluded_lines": [135, 136, 137, 138, 139, 140, 141, 142, 143, 144, 145, 146], "start_line": 134}, "_eval_symbol": {"executed_lines": [], "summary": {"covered_lines": 0, "num_statements": 0, "percent_covered": 100.0, "percent_covered_display": "100", "missing_lines": 0, "excluded_lines": 19, "percent_statements_covered": 100.0, "percent_statements_covered_display": "100"}, "missing_lines": [], "excluded_lines": [150, 151, 152, 153, 154, 155, 156, 157, 158, 159, 160, 161, 162, 163, 164, 165, 166, 167, 168], "start_line": 149}, "_eval_dot_symbol": {"executed_lines": [], "summary": {"covered_lines": 0, "num_statements": 0, "percent_covered": 100.0, "percent_covered_display": "100", "missing_lines": 0, "excluded_lines": 11, "percent_statements_covered": 100.0, "percent_statements_covered_display": "100"}, "missing_lines": [], "excluded_lines": [172, 173, 174, 175, 176, 177, 178, 179, 180, 181, 182], "start_line": 171}, "_eval_context_symbol": {"executed_lines": [], "summary": {"covered_lines": 0, "num_statements": 0, "percent_covered": 100.0, "percent_covered_display": "100", "missing_lines": 0, "excluded_lines": 17, "percent_statements_covered": 100.0, "percent_statements_covered_display": "100"}, "missing_lines": [], "excluded_lines": [186, 187, 188, 189, 190, 191, 192, 193, 194, 195, 196, 197, 198, 199, 200, 201, 202], "start_line": 185}, "_init_ops": {"executed_lines": [213, 214, 215, 216, 217, 218, 219, 220, 221, 222, 223, 224, 225, 226, 227, 228, 229, 230, 231, 232, 233, 234, 235, 236, 237, 238, 239, 240, 241, 242, 243, 244, 245, 246, 247, 248, 249, 250, 251], "summary": {"covered_lines": 39, "num_statements": 39, "percent_covered": 100.0, "percent_covered_display": "100", "missing_lines": 0, "excluded_lines": 0, "percent_statements_covered": 100.0, "percent_statements_covered_display": "100"}, "missing_lines": [], "excluded_lines": [], "start_line": 205}, "SanyanEvaluator.__init__": {"executed_lines": [262, 264, 265, 266, 267, 269, 270, 271, 272, 273, 274, 275, 276], "summary": {"covered_lines": 13, "num_statements": 13, "percent_covered": 100.0, "percent_covered_display": "100", "missing_lines": 0, "excluded_lines": 0, "percent_statements_covered": 100.0, "percent_statements_covered_display": "100"}, "missing_lines": [], "excluded_lines": [], "start_line": 257}, "SanyanEvaluator._is_numeric_string": {"executed_lines": [281, 284, 288, 289, 291, 294], "summary": {"covered_lines": 6, "num_statements": 12, "percent_covered": 50.0, "percent_covered_display": "50", "missing_lines": 6, "excluded_lines": 0, "percent_statements_covered": 50.0, "percent_statements_covered_display": "50"}, "missing_lines": [282, 285, 286, 290, 292, 293], "excluded_lines": [], "start_line": 279}, "SanyanEvaluator.eval": {"executed_lines": [306, 308, 310, 311, 312, 313, 315, 316, 317, 318, 319], "summary": {"covered_lines": 11, "num_statements": 15, "percent_covered": 73.33333333333333, "percent_covered_display": "73", "missing_lines": 4, "excluded_lines": 0, "percent_statements_covered": 73.33333333333333, "percent_statements_covered_display": "73"}, "missing_lines": [307, 309, 314, 320], "excluded_lines": [], "start_line": 296}, "SanyanEvaluator._eval_list": {"executed_lines": [324, 327, 328, 329, 331, 333, 334, 336, 339, 340], "summary": {"covered_lines": 10, "num_statements": 22, "percent_covered": 45.45454545454545, "percent_covered_display": "45", "missing_lines": 12, "excluded_lines": 0, "percent_statements_covered": 45.45454545454545, "percent_statements_covered_display": "45"}, "missing_lines": [325, 330, 332, 335, 337, 338, 341, 342, 343, 344, 345, 346], "excluded_lines": [], "start_line": 322}, "SanyanEvaluator._parse_string_literal": {"executed_lines": [], "summary": {"covered_lines": 0, "num_statements": 1, "percent_covered": 0.0, "percent_covered_display": "0", "missing_lines": 1, "excluded_lines": 0, "percent_statements_covered": 0.0, "percent_statements_covered_display": "0"}, "missing_lines": [350], "excluded_lines": [], "start_line": 348}, "SanyanEvaluator._parse_numeric_literal": {"executed_lines": [], "summary": {"covered_lines": 0, "num_statements": 1, "percent_covered": 0.0, "percent_covered_display": "0", "missing_lines": 1, "excluded_lines": 0, "percent_statements_covered": 0.0, "percent_statements_covered_display": "0"}, "missing_lines": [354], "excluded_lines": [], "start_line": 352}, "SanyanEvaluator._resolve_identifier": {"executed_lines": [], "summary": {"covered_lines": 0, "num_statements": 1, "percent_covered": 0.0, "percent_covered_display": "0", "missing_lines": 1, "excluded_lines": 0, "percent_statements_covered": 0.0, "percent_statements_covered_display": "0"}, "missing_lines": [358], "excluded_lines": [], "start_line": 356}, "SanyanEvaluator._eval_str": {"executed_lines": [362], "summary": {"covered_lines": 1, "num_statements": 1, "percent_covered": 100.0, "percent_covered_display": "100", "missing_lines": 0, "excluded_lines": 0, "percent_statements_covered": 100.0, "percent_statements_covered_display": "100"}, "missing_lines": [], "excluded_lines": [], "start_line": 360}, "SanyanEvaluator._eval_symbol": {"executed_lines": [], "summary": {"covered_lines": 0, "num_statements": 1, "percent_covered": 0.0, "percent_covered_display": "0", "missing_lines": 1, "excluded_lines": 0, "percent_statements_covered": 0.0, "percent_statements_covered_display": "0"}, "missing_lines": [366], "excluded_lines": [], "start_line": 364}, "SanyanEvaluator._eval_dot_symbol": {"executed_lines": [], "summary": {"covered_lines": 0, "num_statements": 1, "percent_covered": 0.0, "percent_covered_display": "0", "missing_lines": 1, "excluded_lines": 0, "percent_statements_covered": 0.0, "percent_statements_covered_display": "0"}, "missing_lines": [370], "excluded_lines": [], "start_line": 368}, "SanyanEvaluator._eval_context_symbol": {"executed_lines": [], "summary": {"covered_lines": 0, "num_statements": 1, "percent_covered": 0.0, "percent_covered_display": "0", "missing_lines": 1, "excluded_lines": 0, "percent_statements_covered": 0.0, "percent_statements_covered_display": "0"}, "missing_lines": [374], "excluded_lines": [], "start_line": 372}, "SanyanEvaluator._pos": {"executed_lines": [], "summary": {"covered_lines": 0, "num_statements": 3, "percent_covered": 0.0, "percent_covered_display": "0", "missing_lines": 3, "excluded_lines": 0, "percent_statements_covered": 0.0, "percent_statements_covered_display": "0"}, "missing_lines": [378, 379, 380], "excluded_lines": [], "start_line": 376}, "SanyanEvaluator._apply": {"executed_lines": [384, 387, 388, 390, 391, 392, 393, 396, 397, 398, 399, 404, 405, 411, 412, 414, 415, 417, 423], "summary": {"covered_lines": 19, "num_statements": 32, "percent_covered": 59.375, "percent_covered_display": "59", "missing_lines": 13, "excluded_lines": 0, "percent_statements_covered": 59.375, "percent_statements_covered_display": "59"}, "missing_lines": [395, 400, 401, 406, 407, 408, 409, 413, 418, 419, 420, 421, 422], "excluded_lines": [], "start_line": 382}, "SanyanEvaluator._check_uncertainty": {"executed_lines": [431, 433, 434], "summary": {"covered_lines": 3, "num_statements": 15, "percent_covered": 20.0, "percent_covered_display": "20", "missing_lines": 12, "excluded_lines": 0, "percent_statements_covered": 20.0, "percent_statements_covered_display": "20"}, "missing_lines": [435, 436, 437, 438, 439, 440, 441, 442, 443, 444, 445, 446], "excluded_lines": [], "start_line": 425}, "SanyanEvaluator._is_uncertain_expr": {"executed_lines": [], "summary": {"covered_lines": 0, "num_statements": 18, "percent_covered": 0.0, "percent_covered_display": "0", "missing_lines": 18, "excluded_lines": 0, "percent_statements_covered": 0.0, "percent_statements_covered_display": "0"}, "missing_lines": [459, 462, 463, 465, 466, 468, 469, 471, 472, 473, 474, 475, 476, 477, 478, 480, 481, 482], "excluded_lines": [], "start_line": 448}, "SanyanEvaluator._debug_before": {"executed_lines": [486], "summary": {"covered_lines": 1, "num_statements": 1, "percent_covered": 100.0, "percent_covered_display": "100", "missing_lines": 0, "excluded_lines": 0, "percent_statements_covered": 100.0, "percent_statements_covered_display": "100"}, "missing_lines": [], "excluded_lines": [], "start_line": 484}, "SanyanEvaluator._debug_after": {"executed_lines": [490], "summary": {"covered_lines": 1, "num_statements": 1, "percent_covered": 100.0, "percent_covered_display": "100", "missing_lines": 0, "excluded_lines": 0, "percent_statements_covered": 100.0, "percent_statements_covered_display": "100"}, "missing_lines": [], "excluded_lines": [], "start_line": 488}, "SanyanEvaluator._debug_prompt": {"executed_lines": [], "summary": {"covered_lines": 0, "num_statements": 1, "percent_covered": 0.0, "percent_covered_display": "0", "missing_lines": 1, "excluded_lines": 0, "percent_statements_covered": 0.0, "percent_statements_covered_display": "0"}, "missing_lines": [494], "excluded_lines": [], "start_line": 492}, "SanyanEvaluator._is_valid_identifier": {"executed_lines": [], "summary": {"covered_lines": 0, "num_statements": 1, "percent_covered": 0.0, "percent_covered_display": "0", "missing_lines": 1, "excluded_lines": 0, "percent_statements_covered": 0.0, "percent_statements_covered_display": "0"}, "missing_lines": [499], "excluded_lines": [], "start_line": 497}, "": {"executed_lines": [6, 7, 8, 9, 10, 11, 12, 18, 19, 205, 254, 257, 278, 279, 296, 322, 348, 352, 356, 360, 364, 368, 372, 376, 382, 425, 448, 484, 488, 492, 496, 497], "summary": {"covered_lines": 32, "num_statements": 32, "percent_covered": 100.0, "percent_covered_display": "100", "missing_lines": 0, "excluded_lines": 9, "percent_statements_covered": 100.0, "percent_statements_covered_display": "100"}, "missing_lines": [], "excluded_lines": [22, 31, 43, 85, 102, 134, 149, 171, 185], "start_line": 1}}, "classes": {"SanyanEvaluator": {"executed_lines": [262, 264, 265, 266, 267, 269, 270, 271, 272, 273, 274, 275, 276, 281, 284, 288, 289, 291, 294, 306, 308, 310, 311, 312, 313, 315, 316, 317, 318, 319, 324, 327, 328, 329, 331, 333, 334, 336, 339, 340, 362, 384, 387, 388, 390, 391, 392, 393, 396, 397, 398, 399, 404, 405, 411, 412, 414, 415, 417, 423, 431, 433, 434, 486, 490], "summary": {"covered_lines": 65, "num_statements": 141, "percent_covered": 46.09929078014184, "percent_covered_display": "46", "missing_lines": 76, "excluded_lines": 0, "percent_statements_covered": 46.09929078014184, "percent_statements_covered_display": "46"}, "missing_lines": [282, 285, 286, 290, 292, 293, 307, 309, 314, 320, 325, 330, 332, 335, 337, 338, 341, 342, 343, 344, 345, 346, 350, 354, 358, 366, 370, 374, 378, 379, 380, 395, 400, 401, 406, 407, 408, 409, 413, 418, 419, 420, 421, 422, 435, 436, 437, 438, 439, 440, 441, 442, 443, 444, 445, 446, 459, 462, 463, 465, 466, 468, 469, 471, 472, 473, 474, 475, 476, 477, 478, 480, 481, 482, 494, 499], "excluded_lines": [], "start_line": 254}, "": {"executed_lines": [6, 7, 8, 9, 10, 11, 12, 18, 19, 205, 213, 214, 215, 216, 217, 218, 219, 220, 221, 222, 223, 224, 225, 226, 227, 228, 229, 230, 231, 232, 233, 234, 235, 236, 237, 238, 239, 240, 241, 242, 243, 244, 245, 246, 247, 248, 249, 250, 251, 254, 257, 278, 279, 296, 322, 348, 352, 356, 360, 364, 368, 372, 376, 382, 425, 448, 484, 488, 492, 496, 497], "summary": {"covered_lines": 71, "num_statements": 71, "percent_covered": 100.0, "percent_covered_display": "100", "missing_lines": 0, "excluded_lines": 162, "percent_statements_covered": 100.0, "percent_statements_covered_display": "100"}, "missing_lines": [], "excluded_lines": [22, 23, 24, 25, 26, 27, 28, 31, 32, 33, 34, 35, 36, 37, 38, 39, 40, 43, 44, 45, 46, 47, 48, 49, 50, 51, 52, 53, 54, 55, 56, 57, 58, 59, 60, 61, 62, 63, 64, 65, 66, 67, 68, 69, 70, 71, 72, 73, 74, 75, 76, 77, 78, 79, 85, 86, 87, 88, 89, 90, 91, 92, 93, 94, 95, 96, 97, 98, 99, 102, 103, 104, 105, 106, 107, 108, 109, 110, 111, 112, 113, 114, 115, 116, 117, 118, 119, 120, 121, 122, 123, 124, 125, 126, 127, 128, 129, 130, 131, 134, 135, 136, 137, 138, 139, 140, 141, 142, 143, 144, 145, 146, 149, 150, 151, 152, 153, 154, 155, 156, 157, 158, 159, 160, 161, 162, 163, 164, 165, 166, 167, 168, 171, 172, 173, 174, 175, 176, 177, 178, 179, 180, 181, 182, 185, 186, 187, 188, 189, 190, 191, 192, 193, 194, 195, 196, 197, 198, 199, 200, 201, 202], "start_line": 1}}}, "lexer.py": {"executed_lines": [], "summary": {"covered_lines": 0, "num_statements": 124, "percent_covered": 0.0, "percent_covered_display": "0", "missing_lines": 124, "excluded_lines": 0, "percent_statements_covered": 0.0, "percent_statements_covered_display": "0"}, "missing_lines": [12, 14, 17, 18, 19, 20, 21, 22, 24, 25, 26, 27, 28, 29, 30, 31, 32, 33, 34, 35, 36, 37, 38, 39, 40, 41, 42, 43, 44, 45, 47, 48, 49, 50, 51, 52, 53, 54, 55, 56, 57, 58, 59, 60, 61, 62, 63, 64, 65, 66, 67, 68, 69, 70, 71, 72, 73, 74, 75, 76, 77, 78, 79, 80, 81, 82, 83, 84, 85, 86, 87, 88, 89, 90, 91, 92, 93, 111, 112, 113, 114, 115, 116, 117, 118, 119, 120, 121, 122, 123, 124, 125, 126, 127, 128, 129, 130, 131, 132, 133, 134, 135, 136, 137, 138, 139, 140, 141, 142, 143, 144, 145, 146, 147, 148, 149, 150, 151, 153, 155, 156, 157, 158, 159], "excluded_lines": [], "functions": {"tokenize": {"executed_lines": [], "summary": {"covered_lines": 0, "num_statements": 121, "percent_covered": 0.0, "percent_covered_display": "0", "missing_lines": 121, "excluded_lines": 0, "percent_statements_covered": 0.0, "percent_statements_covered_display": "0"}, "missing_lines": [18, 19, 20, 21, 22, 24, 25, 26, 27, 28, 29, 30, 31, 32, 33, 34, 35, 36, 37, 38, 39, 40, 41, 42, 43, 44, 45, 47, 48, 49, 50, 51, 52, 53, 54, 55, 56, 57, 58, 59, 60, 61, 62, 63, 64, 65, 66, 67, 68, 69, 70, 71, 72, 73, 74, 75, 76, 77, 78, 79, 80, 81, 82, 83, 84, 85, 86, 87, 88, 89, 90, 91, 92, 93, 111, 112, 113, 114, 115, 116, 117, 118, 119, 120, 121, 122, 123, 124, 125, 126, 127, 128, 129, 130, 131, 132, 133, 134, 135, 136, 137, 138, 139, 140, 141, 142, 143, 144, 145, 146, 147, 148, 149, 150, 151, 153, 155, 156, 157, 158, 159], "excluded_lines": [], "start_line": 17}, "": {"executed_lines": [], "summary": {"covered_lines": 0, "num_statements": 3, "percent_covered": 0.0, "percent_covered_display": "0", "missing_lines": 3, "excluded_lines": 0, "percent_statements_covered": 0.0, "percent_statements_covered_display": "0"}, "missing_lines": [12, 14, 17], "excluded_lines": [], "start_line": 1}}, "classes": {"": {"executed_lines": [], "summary": {"covered_lines": 0, "num_statements": 124, "percent_covered": 0.0, "percent_covered_display": "0", "missing_lines": 124, "excluded_lines": 0, "percent_statements_covered": 0.0, "percent_statements_covered_display": "0"}, "missing_lines": [12, 14, 17, 18, 19, 20, 21, 22, 24, 25, 26, 27, 28, 29, 30, 31, 32, 33, 34, 35, 36, 37, 38, 39, 40, 41, 42, 43, 44, 45, 47, 48, 49, 50, 51, 52, 53, 54, 55, 56, 57, 58, 59, 60, 61, 62, 63, 64, 65, 66, 67, 68, 69, 70, 71, 72, 73, 74, 75, 76, 77, 78, 79, 80, 81, 82, 83, 84, 85, 86, 87, 88, 89, 90, 91, 92, 93, 111, 112, 113, 114, 115, 116, 117, 118, 119, 120, 121, 122, 123, 124, 125, 126, 127, 128, 129, 130, 131, 132, 133, 134, 135, 136, 137, 138, 139, 140, 141, 142, 143, 144, 145, 146, 147, 148, 149, 150, 151, 153, 155, 156, 157, 158, 159], "excluded_lines": [], "start_line": 1}}}, "llvmgen\\__init__.py": {"executed_lines": [], "summary": {"covered_lines": 0, "num_statements": 2, "percent_covered": 0.0, "percent_covered_display": "0", "missing_lines": 2, "excluded_lines": 0, "percent_statements_covered": 0.0, "percent_statements_covered_display": "0"}, "missing_lines": [8, 10], "excluded_lines": [], "functions": {"": {"executed_lines": [], "summary": {"covered_lines": 0, "num_statements": 2, "percent_covered": 0.0, "percent_covered_display": "0", "missing_lines": 2, "excluded_lines": 0, "percent_statements_covered": 0.0, "percent_statements_covered_display": "0"}, "missing_lines": [8, 10], "excluded_lines": [], "start_line": 1}}, "classes": {"": {"executed_lines": [], "summary": {"covered_lines": 0, "num_statements": 2, "percent_covered": 0.0, "percent_covered_display": "0", "missing_lines": 2, "excluded_lines": 0, "percent_statements_covered": 0.0, "percent_statements_covered_display": "0"}, "missing_lines": [8, 10], "excluded_lines": [], "start_line": 1}}}, "llvmgen\\codegen.py": {"executed_lines": [], "summary": {"covered_lines": 0, "num_statements": 285, "percent_covered": 0.0, "percent_covered_display": "0", "missing_lines": 285, "excluded_lines": 0, "percent_statements_covered": 0.0, "percent_statements_covered_display": "0"}, "missing_lines": [14, 16, 18, 19, 20, 32, 38, 39, 40, 41, 42, 44, 45, 46, 47, 48, 49, 50, 51, 52, 53, 54, 55, 56, 57, 58, 59, 60, 61, 62, 64, 66, 67, 68, 70, 71, 73, 74, 75, 78, 83, 84, 85, 86, 87, 88, 89, 90, 91, 92, 93, 95, 96, 97, 98, 99, 102, 104, 105, 106, 108, 109, 110, 112, 113, 116, 120, 122, 123, 124, 125, 133, 134, 135, 136, 137, 138, 139, 140, 141, 142, 143, 144, 145, 146, 147, 148, 149, 150, 151, 153, 154, 155, 156, 157, 159, 160, 161, 162, 164, 165, 166, 167, 168, 169, 170, 171, 172, 174, 175, 176, 177, 179, 180, 181, 182, 185, 188, 190, 191, 192, 193, 195, 197, 199, 200, 201, 202, 203, 206, 207, 209, 210, 211, 213, 214, 215, 217, 219, 220, 221, 223, 224, 227, 228, 229, 230, 231, 232, 233, 234, 236, 237, 239, 240, 241, 242, 244, 245, 246, 247, 248, 254, 255, 256, 257, 260, 262, 263, 264, 266, 267, 268, 269, 270, 272, 273, 275, 276, 277, 278, 279, 280, 282, 284, 285, 286, 287, 288, 289, 290, 291, 293, 294, 295, 296, 297, 298, 301, 302, 304, 305, 307, 308, 309, 311, 312, 313, 314, 315, 316, 317, 319, 320, 321, 322, 323, 325, 326, 328, 329, 330, 331, 332, 333, 334, 335, 337, 338, 339, 340, 341, 342, 343, 344, 345, 346, 348, 351, 352, 354, 357, 358, 359, 360, 361, 362, 363, 366, 367, 369, 370, 372, 373, 374, 375, 377, 378, 379, 380, 383, 389, 391, 392, 393, 395, 396, 398, 400, 401, 403, 405, 407, 408, 409, 410, 411, 412, 413, 414, 415, 416, 417, 419, 420], "excluded_lines": [], "functions": {"_merge_if_chain": {"executed_lines": [], "summary": {"covered_lines": 0, "num_statements": 33, "percent_covered": 0.0, "percent_covered_display": "0", "missing_lines": 33, "excluded_lines": 0, "percent_statements_covered": 0.0, "percent_statements_covered_display": "0"}, "missing_lines": [38, 39, 40, 41, 42, 44, 45, 46, 47, 48, 49, 50, 51, 52, 53, 54, 55, 56, 57, 58, 59, 60, 61, 62, 64, 66, 67, 68, 70, 71, 73, 74, 75], "excluded_lines": [], "start_line": 32}, "_normalize_fn_format": {"executed_lines": [], "summary": {"covered_lines": 0, "num_statements": 16, "percent_covered": 0.0, "percent_covered_display": "0", "missing_lines": 16, "excluded_lines": 0, "percent_statements_covered": 0.0, "percent_statements_covered_display": "0"}, "missing_lines": [83, 84, 85, 86, 87, 88, 89, 90, 91, 92, 93, 95, 96, 97, 98, 99], "excluded_lines": [], "start_line": 78}, "_deep_merge": {"executed_lines": [], "summary": {"covered_lines": 0, "num_statements": 8, "percent_covered": 0.0, "percent_covered_display": "0", "missing_lines": 8, "excluded_lines": 0, "percent_statements_covered": 0.0, "percent_statements_covered_display": "0"}, "missing_lines": [104, 105, 106, 108, 109, 110, 112, 113], "excluded_lines": [], "start_line": 102}, "_resolve_imports": {"executed_lines": [], "summary": {"covered_lines": 0, "num_statements": 50, "percent_covered": 0.0, "percent_covered_display": "0", "missing_lines": 50, "excluded_lines": 0, "percent_statements_covered": 0.0, "percent_statements_covered_display": "0"}, "missing_lines": [120, 122, 123, 124, 125, 133, 134, 135, 136, 137, 138, 139, 140, 141, 142, 143, 144, 145, 146, 147, 148, 149, 150, 151, 153, 154, 155, 156, 157, 159, 160, 161, 162, 164, 165, 166, 167, 168, 169, 170, 171, 172, 174, 175, 176, 177, 179, 180, 181, 182], "excluded_lines": [], "start_line": 116}, "_make_bootstrap_harness": {"executed_lines": [], "summary": {"covered_lines": 0, "num_statements": 41, "percent_covered": 0.0, "percent_covered_display": "0", "missing_lines": 41, "excluded_lines": 0, "percent_statements_covered": 0.0, "percent_statements_covered_display": "0"}, "missing_lines": [188, 195, 197, 199, 200, 201, 202, 203, 206, 207, 209, 210, 211, 213, 214, 215, 217, 219, 220, 221, 223, 224, 227, 228, 229, 230, 231, 232, 233, 234, 236, 237, 239, 240, 241, 242, 244, 245, 246, 247, 248], "excluded_lines": [], "start_line": 185}, "_make_bootstrap_harness._get_or_declare": {"executed_lines": [], "summary": {"covered_lines": 0, "num_statements": 4, "percent_covered": 0.0, "percent_covered_display": "0", "missing_lines": 4, "excluded_lines": 0, "percent_statements_covered": 0.0, "percent_statements_covered_display": "0"}, "missing_lines": [190, 191, 192, 193], "excluded_lines": [], "start_line": 188}, "compile_top_level": {"executed_lines": [], "summary": {"covered_lines": 0, "num_statements": 3, "percent_covered": 0.0, "percent_covered_display": "0", "missing_lines": 3, "excluded_lines": 0, "percent_statements_covered": 0.0, "percent_statements_covered_display": "0"}, "missing_lines": [255, 256, 257], "excluded_lines": [], "start_line": 254}, "_compile_in_context": {"executed_lines": [], "summary": {"covered_lines": 0, "num_statements": 12, "percent_covered": 0.0, "percent_covered_display": "0", "missing_lines": 12, "excluded_lines": 0, "percent_statements_covered": 0.0, "percent_statements_covered_display": "0"}, "missing_lines": [262, 263, 264, 266, 267, 268, 269, 270, 272, 273, 275, 348], "excluded_lines": [], "start_line": 260}, "_compile_in_context.collect_and_compile": {"executed_lines": [], "summary": {"covered_lines": 0, "num_statements": 58, "percent_covered": 0.0, "percent_covered_display": "0", "missing_lines": 58, "excluded_lines": 0, "percent_statements_covered": 0.0, "percent_statements_covered_display": "0"}, "missing_lines": [276, 277, 278, 279, 280, 282, 284, 285, 286, 287, 288, 289, 290, 291, 293, 294, 295, 296, 297, 298, 301, 302, 304, 305, 307, 308, 311, 312, 313, 314, 315, 316, 317, 319, 320, 321, 322, 323, 325, 326, 328, 329, 330, 331, 332, 333, 334, 335, 337, 338, 339, 340, 341, 342, 343, 344, 345, 346], "excluded_lines": [], "start_line": 275}, "_compile_in_context.collect_and_compile._Df.__init__": {"executed_lines": [], "summary": {"covered_lines": 0, "num_statements": 1, "percent_covered": 0.0, "percent_covered_display": "0", "missing_lines": 1, "excluded_lines": 0, "percent_statements_covered": 0.0, "percent_statements_covered_display": "0"}, "missing_lines": [309], "excluded_lines": [], "start_line": 308}, "_parse_source": {"executed_lines": [], "summary": {"covered_lines": 0, "num_statements": 2, "percent_covered": 0.0, "percent_covered_display": "0", "missing_lines": 2, "excluded_lines": 0, "percent_statements_covered": 0.0, "percent_statements_covered_display": "0"}, "missing_lines": [352, 354], "excluded_lines": [], "start_line": 351}, "_collect_imports": {"executed_lines": [], "summary": {"covered_lines": 0, "num_statements": 6, "percent_covered": 0.0, "percent_covered_display": "0", "missing_lines": 6, "excluded_lines": 0, "percent_statements_covered": 0.0, "percent_statements_covered_display": "0"}, "missing_lines": [358, 359, 360, 361, 362, 363], "excluded_lines": [], "start_line": 357}, "_find_module_path": {"executed_lines": [], "summary": {"covered_lines": 0, "num_statements": 11, "percent_covered": 0.0, "percent_covered_display": "0", "missing_lines": 11, "excluded_lines": 0, "percent_statements_covered": 0.0, "percent_statements_covered_display": "0"}, "missing_lines": [367, 369, 370, 372, 373, 374, 375, 377, 378, 379, 380], "excluded_lines": [], "start_line": 366}, "compile_program": {"executed_lines": [], "summary": {"covered_lines": 0, "num_statements": 24, "percent_covered": 0.0, "percent_covered_display": "0", "missing_lines": 24, "excluded_lines": 0, "percent_statements_covered": 0.0, "percent_statements_covered_display": "0"}, "missing_lines": [389, 391, 392, 393, 395, 396, 398, 400, 401, 403, 405, 407, 408, 409, 410, 411, 412, 413, 414, 415, 416, 417, 419, 420], "excluded_lines": [], "start_line": 383}, "": {"executed_lines": [], "summary": {"covered_lines": 0, "num_statements": 16, "percent_covered": 0.0, "percent_covered_display": "0", "missing_lines": 16, "excluded_lines": 0, "percent_statements_covered": 0.0, "percent_statements_covered_display": "0"}, "missing_lines": [14, 16, 18, 19, 20, 32, 78, 102, 116, 185, 254, 260, 351, 357, 366, 383], "excluded_lines": [], "start_line": 1}}, "classes": {"_compile_in_context.collect_and_compile._Df": {"executed_lines": [], "summary": {"covered_lines": 0, "num_statements": 1, "percent_covered": 0.0, "percent_covered_display": "0", "missing_lines": 1, "excluded_lines": 0, "percent_statements_covered": 0.0, "percent_statements_covered_display": "0"}, "missing_lines": [309], "excluded_lines": [], "start_line": 307}, "": {"executed_lines": [], "summary": {"covered_lines": 0, "num_statements": 284, "percent_covered": 0.0, "percent_covered_display": "0", "missing_lines": 284, "excluded_lines": 0, "percent_statements_covered": 0.0, "percent_statements_covered_display": "0"}, "missing_lines": [14, 16, 18, 19, 20, 32, 38, 39, 40, 41, 42, 44, 45, 46, 47, 48, 49, 50, 51, 52, 53, 54, 55, 56, 57, 58, 59, 60, 61, 62, 64, 66, 67, 68, 70, 71, 73, 74, 75, 78, 83, 84, 85, 86, 87, 88, 89, 90, 91, 92, 93, 95, 96, 97, 98, 99, 102, 104, 105, 106, 108, 109, 110, 112, 113, 116, 120, 122, 123, 124, 125, 133, 134, 135, 136, 137, 138, 139, 140, 141, 142, 143, 144, 145, 146, 147, 148, 149, 150, 151, 153, 154, 155, 156, 157, 159, 160, 161, 162, 164, 165, 166, 167, 168, 169, 170, 171, 172, 174, 175, 176, 177, 179, 180, 181, 182, 185, 188, 190, 191, 192, 193, 195, 197, 199, 200, 201, 202, 203, 206, 207, 209, 210, 211, 213, 214, 215, 217, 219, 220, 221, 223, 224, 227, 228, 229, 230, 231, 232, 233, 234, 236, 237, 239, 240, 241, 242, 244, 245, 246, 247, 248, 254, 255, 256, 257, 260, 262, 263, 264, 266, 267, 268, 269, 270, 272, 273, 275, 276, 277, 278, 279, 280, 282, 284, 285, 286, 287, 288, 289, 290, 291, 293, 294, 295, 296, 297, 298, 301, 302, 304, 305, 307, 308, 311, 312, 313, 314, 315, 316, 317, 319, 320, 321, 322, 323, 325, 326, 328, 329, 330, 331, 332, 333, 334, 335, 337, 338, 339, 340, 341, 342, 343, 344, 345, 346, 348, 351, 352, 354, 357, 358, 359, 360, 361, 362, 363, 366, 367, 369, 370, 372, 373, 374, 375, 377, 378, 379, 380, 383, 389, 391, 392, 393, 395, 396, 398, 400, 401, 403, 405, 407, 408, 409, 410, 411, 412, 413, 414, 415, 416, 417, 419, 420], "excluded_lines": [], "start_line": 1}}}, "llvmgen\\ir_builder.py": {"executed_lines": [], "summary": {"covered_lines": 0, "num_statements": 277, "percent_covered": 0.0, "percent_covered_display": "0", "missing_lines": 277, "excluded_lines": 0, "percent_statements_covered": 0.0, "percent_statements_covered_display": "0"}, "missing_lines": [7, 9, 11, 25, 28, 29, 30, 31, 32, 34, 35, 36, 37, 38, 39, 40, 41, 42, 43, 44, 45, 46, 47, 48, 50, 51, 52, 53, 55, 57, 59, 60, 61, 63, 65, 66, 67, 68, 69, 70, 71, 72, 73, 74, 76, 77, 78, 79, 80, 82, 83, 85, 86, 88, 90, 92, 93, 94, 95, 96, 97, 98, 99, 100, 101, 102, 103, 104, 105, 106, 107, 108, 109, 111, 112, 113, 114, 115, 116, 117, 118, 119, 120, 121, 122, 123, 124, 125, 126, 127, 128, 130, 132, 133, 135, 136, 137, 138, 140, 141, 142, 144, 145, 146, 147, 148, 149, 151, 152, 153, 154, 155, 156, 158, 159, 160, 161, 162, 163, 164, 166, 168, 169, 170, 172, 173, 174, 175, 177, 178, 179, 181, 183, 184, 186, 188, 189, 191, 193, 194, 195, 196, 197, 198, 200, 201, 202, 203, 204, 205, 206, 207, 208, 210, 216, 217, 218, 219, 221, 222, 223, 224, 225, 226, 227, 228, 229, 230, 232, 233, 234, 235, 236, 237, 238, 239, 240, 242, 243, 244, 245, 246, 247, 249, 250, 251, 252, 253, 254, 255, 256, 257, 258, 259, 260, 262, 263, 264, 265, 266, 267, 268, 269, 271, 272, 273, 274, 275, 276, 277, 278, 279, 280, 281, 282, 283, 284, 286, 287, 288, 289, 291, 293, 295, 296, 297, 298, 299, 300, 301, 302, 304, 306, 308, 309, 310, 311, 313, 314, 315, 317, 318, 319, 320, 321, 323, 324, 325, 327, 328, 329, 330, 331, 333, 334, 335, 336, 337, 339, 340, 341, 342, 343, 344, 345, 346, 347, 348, 349, 355, 357, 358, 359, 360, 361, 362, 363], "excluded_lines": [], "functions": {"CodegenContext.__init__": {"executed_lines": [], "summary": {"covered_lines": 0, "num_statements": 24, "percent_covered": 0.0, "percent_covered_display": "0", "missing_lines": 24, "excluded_lines": 0, "percent_statements_covered": 0.0, "percent_statements_covered_display": "0"}, "missing_lines": [29, 30, 31, 32, 34, 35, 36, 37, 38, 39, 40, 41, 42, 43, 44, 45, 46, 47, 48, 50, 51, 52, 53, 55], "excluded_lines": [], "start_line": 28}, "CodegenContext._declare_runtime": {"executed_lines": [], "summary": {"covered_lines": 0, "num_statements": 3, "percent_covered": 0.0, "percent_covered_display": "0", "missing_lines": 3, "excluded_lines": 0, "percent_statements_covered": 0.0, "percent_statements_covered_display": "0"}, "missing_lines": [59, 60, 61], "excluded_lines": [], "start_line": 57}, "CodegenContext._get_runtime_func": {"executed_lines": [], "summary": {"covered_lines": 0, "num_statements": 10, "percent_covered": 0.0, "percent_covered_display": "0", "missing_lines": 10, "excluded_lines": 0, "percent_statements_covered": 0.0, "percent_statements_covered_display": "0"}, "missing_lines": [65, 66, 67, 68, 69, 70, 71, 72, 73, 74], "excluded_lines": [], "start_line": 63}, "CodegenContext.builder": {"executed_lines": [], "summary": {"covered_lines": 0, "num_statements": 3, "percent_covered": 0.0, "percent_covered_display": "0", "missing_lines": 3, "excluded_lines": 0, "percent_statements_covered": 0.0, "percent_statements_covered_display": "0"}, "missing_lines": [78, 79, 80], "excluded_lines": [], "start_line": 77}, "CodegenContext._func": {"executed_lines": [], "summary": {"covered_lines": 0, "num_statements": 2, "percent_covered": 0.0, "percent_covered_display": "0", "missing_lines": 2, "excluded_lines": 0, "percent_statements_covered": 0.0, "percent_statements_covered_display": "0"}, "missing_lines": [85, 86], "excluded_lines": [], "start_line": 83}, "CodegenContext._add_block": {"executed_lines": [], "summary": {"covered_lines": 0, "num_statements": 1, "percent_covered": 0.0, "percent_covered_display": "0", "missing_lines": 1, "excluded_lines": 0, "percent_statements_covered": 0.0, "percent_statements_covered_display": "0"}, "missing_lines": [90], "excluded_line
[...]
, 72, 73, 74, 75, 76, 77, 78, 79, 80, 83, 130, 178, 179, 180, 181, 182, 183, 186, 187, 188, 189, 190, 191, 192, 193, 195, 196, 199, 202, 206, 208, 210, 211, 212, 214, 215, 216, 217, 219, 220, 222, 223, 224, 225, 228, 229, 231, 232, 235, 236, 237, 238, 239, 242, 243, 244, 245, 247, 248, 249, 250, 251, 252, 253, 254, 259, 261, 262, 263, 264, 265, 266, 267, 269, 270, 271, 272, 273, 274, 276, 277, 283, 285, 286, 287, 288, 289, 290, 291, 292, 298, 300, 301, 302, 303, 304, 305, 306, 308, 310, 311, 312, 313, 314, 321, 322, 324, 326, 328, 329, 331, 334, 335, 336, 337, 338, 340, 343, 345, 346, 347, 350, 351, 352, 353, 354, 356, 357, 358, 359, 361, 362, 363, 364, 366, 367, 369, 371, 374, 375, 376, 377, 379, 380, 381, 382, 384, 385, 386, 389, 390], "excluded_lines": [], "start_line": 1}}}, "vm.py": {"executed_lines": [], "summary": {"covered_lines": 0, "num_statements": 659, "percent_covered": 0.0, "percent_covered_display": "0", "missing_lines": 659, "excluded_lines": 0, "percent_statements_covered": 0.0, "percent_statements_covered_display": "0"}, "missing_lines": [12, 13, 14, 15, 18, 23, 24, 25, 26, 27, 28, 29, 30, 31, 32, 33, 34, 35, 36, 37, 38, 39, 40, 41, 42, 43, 44, 45, 46, 47, 48, 49, 50, 51, 52, 53, 54, 55, 56, 57, 58, 59, 60, 61, 62, 63, 64, 65, 66, 67, 68, 69, 70, 71, 72, 73, 74, 75, 76, 77, 78, 79, 80, 81, 82, 85, 86, 87, 88, 89, 90, 91, 92, 93, 94, 95, 96, 97, 98, 101, 104, 106, 109, 113, 128, 129, 131, 132, 133, 134, 135, 136, 137, 138, 139, 140, 143, 144, 147, 148, 149, 151, 154, 155, 156, 158, 159, 160, 162, 163, 164, 165, 166, 167, 168, 169, 171, 172, 173, 174, 175, 176, 184, 191, 192, 193, 194, 196, 197, 198, 199, 200, 201, 202, 204, 207, 208, 209, 210, 215, 217, 218, 219, 221, 223, 224, 225, 234, 236, 237, 238, 240, 242, 243, 244, 246, 247, 248, 249, 250, 251, 253, 254, 255, 256, 257, 258, 259, 260, 261, 262, 264, 265, 266, 267, 268, 270, 271, 272, 273, 274, 278, 279, 280, 281, 282, 284, 285, 286, 287, 289, 291, 292, 293, 294, 295, 296, 297, 298, 299, 301, 303, 304, 305, 306, 308, 309, 310, 311, 312, 313, 314, 315, 316, 317, 318, 319, 320, 321, 322, 323, 324, 325, 326, 327, 328, 329, 330, 332, 333, 334, 335, 336, 337, 338, 339, 340, 342, 344, 345, 348, 350, 351, 352, 353, 354, 355, 356, 358, 359, 360, 361, 363, 364, 365, 366, 368, 369, 370, 371, 373, 374, 375, 376, 378, 380, 381, 384, 386, 387, 388, 389, 390, 392, 393, 394, 395, 397, 398, 399, 400, 402, 403, 404, 405, 406, 407, 408, 410, 411, 412, 413, 415, 416, 417, 418, 420, 421, 422, 423, 425, 426, 427, 428, 430, 431, 432, 433, 435, 436, 437, 438, 439, 440, 441, 444, 445, 446, 448, 450, 451, 453, 455, 456, 457, 458, 459, 460, 461, 463, 464, 465, 467, 468, 469, 470, 471, 472, 474, 475, 476, 477, 479, 480, 481, 483, 484, 485, 486, 487, 488, 490, 492, 493, 494, 495, 496, 497, 498, 499, 500, 501, 502, 503, 504, 505, 506, 507, 508, 510, 513, 514, 515, 516, 518, 519, 520, 521, 522, 523, 524, 525, 527, 529, 530, 531, 532, 533, 534, 535, 536, 537, 538, 539, 540, 541, 542, 543, 544, 545, 546, 547, 548, 549, 550, 551, 552, 553, 554, 556, 557, 558, 559, 560, 561, 562, 563, 565, 567, 568, 569, 570, 571, 572, 573, 575, 576, 577, 578, 579, 580, 581, 582, 583, 584, 585, 586, 587, 588, 589, 590, 591, 592, 593, 594, 595, 596, 597, 598, 599, 601, 602, 603, 605, 606, 607, 610, 611, 612, 614, 615, 616, 617, 618, 619, 620, 621, 622, 624, 626, 627, 628, 629, 630, 631, 632, 633, 634, 635, 636, 637, 638, 639, 640, 641, 642, 643, 644, 645, 646, 647, 648, 649, 650, 651, 653, 654, 655, 656, 657, 658, 659, 660, 661, 662, 663, 665, 667, 668, 669, 670, 671, 672, 673, 674, 675, 676, 677, 678, 679, 680, 681, 682, 683, 684, 685, 686, 687, 688, 689, 690, 691, 692, 693, 694, 695, 696, 697, 698, 699, 700, 701, 702, 704, 706, 707, 708, 709, 711, 712, 713, 714, 715, 716, 717, 718, 719, 721, 722, 743, 748, 749, 750, 751, 752, 753, 754, 755, 756, 758, 759, 760, 762, 763, 764, 765, 781, 782, 783, 784, 785, 786, 787, 789, 790, 792, 793, 794, 795, 796, 799, 800, 801, 802, 803, 804, 805, 806, 807, 808, 809, 810, 811, 812, 813, 814, 815, 816, 817, 818, 819, 820, 821, 822, 824, 828, 829, 831, 833, 834, 843, 930, 935, 936, 937, 938, 939, 940, 941, 942, 943, 944, 945, 946, 947, 948, 949, 950, 951, 952, 953, 954, 955, 956, 957, 958, 959, 960, 961, 962, 963, 964, 965, 966, 967, 968, 969, 970, 971], "excluded_lines": [], "functions": {"VM.__init__": {"executed_lines": [], "summary": {"covered_lines": 0, "num_statements": 9, "percent_covered": 0.0, "percent_covered_display": "0", "missing_lines": 9, "excluded_lines": 0, "percent_statements_covered": 0.0, "percent_statements_covered_display": "0"}, "missing_lines": [132, 133, 134, 135, 136, 137, 138, 139, 140], "excluded_lines": [], "start_line": 131}, "VM.get_export": {"executed_lines": [], "summary": {"covered_lines": 0, "num_statements": 1, "percent_covered": 0.0, "percent_covered_display": "0", "missing_lines": 1, "excluded_lines": 0, "percent_statements_covered": 0.0, "percent_statements_covered_display": "0"}, "missing_lines": [144], "excluded_lines": [], "start_line": 143}, "VM.register_module": {"executed_lines": [], "summary": {"covered_lines": 0, "num_statements": 2, "percent_covered": 0.0, "percent_covered_display": "0", "missing_lines": 2, "excluded_lines": 0, "percent_statements_covered": 0.0, "percent_statements_covered_display": "0"}, "missing_lines": [148, 149], "excluded_lines": [], "start_line": 147}, "VM.import_module": {"executed_lines": [], "summary": {"covered_lines": 0, "num_statements": 20, "percent_covered": 0.0, "percent_covered_display": "0", "missing_lines": 20, "excluded_lines": 0, "percent_statements_covered": 0.0, "percent_statements_covered_display": "0"}, "missing_lines": [154, 155, 156, 158, 159, 160, 162, 163, 164, 165, 166, 167, 168, 169, 171, 172, 173, 174, 175, 176], "excluded_lines": [], "start_line": 151}, "VM._exec_frame": {"executed_lines": [], "summary": {"covered_lines": 0, "num_statements": 16, "percent_covered": 0.0, "percent_covered_display": "0", "missing_lines": 16, "excluded_lines": 0, "percent_statements_covered": 0.0, "percent_statements_covered_display": "0"}, "missing_lines": [191, 192, 193, 194, 196, 197, 198, 199, 200, 201, 202, 204, 207, 208, 209, 210], "excluded_lines": [], "start_line": 184}, "VM._read_i16": {"executed_lines": [], "summary": {"covered_lines": 0, "num_statements": 3, "percent_covered": 0.0, "percent_covered_display": "0", "missing_lines": 3, "excluded_lines": 0, "percent_statements_covered": 0.0, "percent_statements_covered_display": "0"}, "missing_lines": [217, 218, 219], "excluded_lines": [], "start_line": 215}, "VM._read_i32": {"executed_lines": [], "summary": {"covered_lines": 0, "num_statements": 3, "percent_covered": 0.0, "percent_covered_display": "0", "missing_lines": 3, "excluded_lines": 0, "percent_statements_covered": 0.0, "percent_statements_covered_display": "0"}, "missing_lines": [223, 224, 225], "excluded_lines": [], "start_line": 221}, "VM._exec_control_flow": {"executed_lines": [], "summary": {"covered_lines": 0, "num_statements": 42, "percent_covered": 0.0, "percent_covered_display": "0", "missing_lines": 42, "excluded_lines": 0, "percent_statements_covered": 0.0, "percent_statements_covered_display": "0"}, "missing_lines": [236, 237, 238, 240, 242, 243, 244, 246, 247, 248, 249, 250, 251, 253, 254, 255, 256, 257, 258, 259, 260, 261, 262, 264, 265, 266, 267, 268, 270, 271, 272, 273, 274, 278, 279, 280, 281, 282, 284, 285, 286, 287], "excluded_lines": [], "start_line": 234}, "VM._ternary_result": {"executed_lines": [], "summary": {"covered_lines": 0, "num_statements": 9, "percent_covered": 0.0, "percent_covered_display": "0", "missing_lines": 9, "excluded_lines": 0, "percent_statements_covered": 0.0, "percent_statements_covered_display": "0"}, "missing_lines": [291, 292, 293, 294, 295, 296, 297, 298, 299], "excluded_lines": [], "start_line": 289}, "VM._exec_stack_ops": {"executed_lines": [], "summary": {"covered_lines": 0, "num_statements": 39, "percent_covered": 0.0, "percent_covered_display": "0", "missing_lines": 39, "excluded_lines": 0, "percent_statements_covered": 0.0, "percent_statements_covered_display": "0"}, "missing_lines": [303, 304, 305, 306, 308, 309, 310, 311, 312, 313, 314, 315, 316, 317, 318, 319, 320, 321, 322, 323, 324, 325, 326, 327, 328, 329, 330, 332, 333, 334, 335, 336, 337, 338, 339, 340, 342, 344, 345], "excluded_lines": [], "start_line": 301}, "VM._exec_arithmetic": {"executed_lines": [], "summary": {"covered_lines": 0, "num_statements": 26, "percent_covered": 0.0, "percent_covered_display": "0", "missing_lines": 26, "excluded_lines": 0, "percent_statements_covered": 0.0, "percent_statements_covered_display": "0"}, "missing_lines": [350, 351, 352, 353, 354, 355, 356, 358, 359, 360, 361, 363, 364, 365, 366, 368, 369, 370, 371, 373, 374, 375, 376, 378, 380, 381], "excluded_lines": [], "start_line": 348}, "VM._exec_bitwise": {"executed_lines": [], "summary": {"covered_lines": 0, "num_statements": 53, "percent_covered": 0.0, "percent_covered_display": "0", "missing_lines": 53, "excluded_lines": 0, "percent_statements_covered": 0.0, "percent_statements_covered_display": "0"}, "missing_lines": [386, 387, 388, 389, 390, 392, 393, 394, 395, 397, 398, 399, 400, 402, 403, 404, 405, 406, 407, 408, 410, 411, 412, 413, 415, 416, 417, 418, 420, 421, 422, 423, 425, 426, 427, 428, 430, 431, 432, 433, 435, 436, 437, 438, 439, 440, 441, 444, 445, 446, 448, 450, 451], "excluded_lines": [], "start_line": 384}, "VM._exec_comparison": {"executed_lines": [], "summary": {"covered_lines": 0, "num_statements": 47, "percent_covered": 0.0, "percent_covered_display": "0", "missing_lines": 47, "excluded_lines": 0, "percent_statements_covered": 0.0, "percent_statements_covered_display": "0"}, "missing_lines": [455, 456, 457, 458, 459, 460, 461, 463, 464, 465, 467, 468, 469, 470, 471, 472, 474, 475, 476, 477, 479, 480, 481, 483, 484, 485, 486, 487, 488, 490, 492, 493, 494, 495, 496, 497, 498, 499, 500, 501, 502, 503, 504, 505, 506, 507, 508], "excluded_lines": [], "start_line": 453}, "VM._exec_type_check": {"executed_lines": [], "summary": {"covered_lines": 0, "num_statements": 12, "percent_covered": 0.0, "percent_covered_display": "0", "missing_lines": 12, "excluded_lines": 0, "percent_statements_covered": 0.0, "percent_statements_covered_display": "0"}, "missing_lines": [513, 514, 515, 516, 518, 519, 520, 521, 522, 523, 524, 525], "excluded_lines": [], "start_line": 510}, "VM._exec_string": {"executed_lines": [], "summary": {"covered_lines": 0, "num_statements": 34, "percent_covered": 0.0, "percent_covered_display": "0", "missing_lines": 34, "excluded_lines": 0, "percent_statements_covered": 0.0, "percent_statements_covered_display": "0"}, "missing_lines": [529, 530, 531, 532, 533, 534, 535, 536, 537, 538, 539, 540, 541, 542, 543, 544, 545, 546, 547, 548, 549, 550, 551, 552, 553, 554, 556, 557, 558, 559, 560, 561, 562, 563], "excluded_lines": [], "start_line": 527}, "VM._exec_container": {"executed_lines": [], "summary": {"covered_lines": 0, "num_statements": 50, "percent_covered": 0.0, "percent_covered_display": "0", "missing_lines": 50, "excluded_lines": 0, "percent_statements_covered": 0.0, "percent_statements_covered_display": "0"}, "missing_lines": [567, 568, 569, 570, 571, 572, 573, 575, 576, 577, 578, 579, 580, 581, 582, 583, 584, 585, 586, 587, 588, 589, 590, 591, 592, 593, 594, 595, 596, 597, 598, 599, 601, 602, 603, 605, 606, 607, 610, 611, 612, 614, 615, 616, 617, 618, 619, 620, 621, 622], "excluded_lines": [], "start_line": 565}, "VM._exec_dict": {"executed_lines": [], "summary": {"covered_lines": 0, "num_statements": 37, "percent_covered": 0.0, "percent_covered_display": "0", "missing_lines": 37, "excluded_lines": 0, "percent_statements_covered": 0.0, "percent_statements_covered_display": "0"}, "missing_lines": [626, 627, 628, 629, 630, 631, 632, 633, 634, 635, 636, 637, 638, 639, 640, 641, 642, 643, 644, 645, 646, 647, 648, 649, 650, 651, 653, 654, 655, 656, 657, 658, 659, 660, 661, 662, 663], "excluded_lines": [], "start_line": 624}, "VM._exec_io": {"executed_lines": [], "summary": {"covered_lines": 0, "num_statements": 36, "percent_covered": 0.0, "percent_covered_display": "0", "missing_lines": 36, "excluded_lines": 0, "percent_statements_covered": 0.0, "percent_statements_covered_display": "0"}, "missing_lines": [667, 668, 669, 670, 671, 672, 673, 674, 675, 676, 677, 678, 679, 680, 681, 682, 683, 684, 685, 686, 687, 688, 689, 690, 691, 692, 693, 694, 695, 696, 697, 698, 699, 700, 701, 702], "excluded_lines": [], "start_line": 665}, "VM._exec_module": {"executed_lines": [], "summary": {"covered_lines": 0, "num_statements": 15, "percent_covered": 0.0, "percent_covered_display": "0", "missing_lines": 15, "excluded_lines": 0, "percent_statements_covered": 0.0, "percent_statements_covered_display": "0"}, "missing_lines": [706, 707, 708, 709, 711, 712, 713, 714, 715, 716, 717, 718, 719, 721, 722], "excluded_lines": [], "start_line": 704}, "VM._run_inner": {"executed_lines": [], "summary": {"covered_lines": 0, "num_statements": 16, "percent_covered": 0.0, "percent_covered_display": "0", "missing_lines": 16, "excluded_lines": 0, "percent_statements_covered": 0.0, "percent_statements_covered_display": "0"}, "missing_lines": [748, 749, 750, 751, 752, 753, 754, 755, 756, 758, 759, 760, 762, 763, 764, 765], "excluded_lines": [], "start_line": 743}, "VM.from_bin": {"executed_lines": [], "summary": {"covered_lines": 0, "num_statements": 39, "percent_covered": 0.0, "percent_covered_display": "0", "missing_lines": 39, "excluded_lines": 0, "percent_statements_covered": 0.0, "percent_statements_covered_display": "0"}, "missing_lines": [783, 784, 785, 786, 787, 789, 790, 792, 793, 794, 795, 796, 799, 800, 801, 802, 803, 804, 805, 806, 807, 808, 809, 810, 811, 812, 813, 814, 815, 816, 817, 818, 819, 820, 821, 822, 824, 828, 829], "excluded_lines": [], "start_line": 782}, "VM.run": {"executed_lines": [], "summary": {"covered_lines": 0, "num_statements": 2, "percent_covered": 0.0, "percent_covered_display": "0", "missing_lines": 2, "excluded_lines": 0, "percent_statements_covered": 0.0, "percent_statements_covered_display": "0"}, "missing_lines": [833, 834], "excluded_lines": [], "start_line": 831}, "disassemble": {"executed_lines": [], "summary": {"covered_lines": 0, "num_statements": 37, "percent_covered": 0.0, "percent_covered_display": "0", "missing_lines": 37, "excluded_lines": 0, "percent_statements_covered": 0.0, "percent_statements_covered_display": "0"}, "missing_lines": [935, 936, 937, 938, 939, 940, 941, 942, 943, 944, 945, 946, 947, 948, 949, 950, 951, 952, 953, 954, 955, 956, 957, 958, 959, 960, 961, 962, 963, 964, 965, 966, 967, 968, 969, 970, 971], "excluded_lines": [], "start_line": 930}, "": {"executed_lines": [], "summary": {"covered_lines": 0, "num_statements": 111, "percent_covered": 0.0, "percent_covered_display": "0", "missing_lines": 111, "excluded_lines": 0, "percent_statements_covered": 0.0, "percent_statements_covered_display": "0"}, "missing_lines": [12, 13, 14, 15, 18, 23, 24, 25, 26, 27, 28, 29, 30, 31, 32, 33, 34, 35, 36, 37, 38, 39, 40, 41, 42, 43, 44, 45, 46, 47, 48, 49, 50, 51, 52, 53, 54, 55, 56, 57, 58, 59, 60, 61, 62, 63, 64, 65, 66, 67, 68, 69, 70, 71, 72, 73, 74, 75, 76, 77, 78, 79, 80, 81, 82, 85, 86, 87, 88, 89, 90, 91, 92, 93, 94, 95, 96, 97, 98, 101, 104, 106, 109, 113, 128, 129, 131, 143, 147, 151, 184, 215, 221, 234, 289, 301, 348, 384, 453, 510, 527, 565, 624, 665, 704, 743, 781, 782, 831, 843, 930], "excluded_lines": [], "start_line": 1}}, "classes": {"VMError": {"executed_lines": [], "summary": {"covered_lines": 0, "num_statements": 0, "percent_covered": 100.0, "percent_covered_display": "100", "missing_lines": 0, "excluded_lines": 0, "percent_statements_covered": 100.0, "percent_statements_covered_display": "100"}, "missing_lines": [], "excluded_lines": [], "start_line": 109}, "VM": {"executed_lines": [], "summary": {"covered_lines": 0, "num_statements": 511, "percent_covered": 0.0, "percent_covered_display": "0", "missing_lines": 511, "excluded_lines": 0, "percent_statements_covered": 0.0, "percent_statements_covered_display": "0"}, "missing_lines": [132, 133, 134, 135, 136, 137, 138, 139, 140, 144, 148, 149, 154, 155, 156, 158, 159, 160, 162, 163, 164, 165, 166, 167, 168, 169, 171, 172, 173, 174, 175, 176, 191, 192, 193, 194, 196, 197, 198, 199, 200, 201, 202, 204, 207, 208, 209, 210, 217, 218, 219, 223, 224, 225, 236, 237, 238, 240, 242, 243, 244, 246, 247, 248, 249, 250, 251, 253, 254, 255, 256, 257, 258, 259, 260, 261, 262, 264, 265, 266, 267, 268, 270, 271, 272, 273, 274, 278, 279, 280, 281, 282, 284, 285, 286, 287, 291, 292, 293, 294, 295, 296, 297, 298, 299, 303, 304, 305, 306, 308, 309, 310, 311, 312, 313, 314, 315, 316, 317, 318, 319, 320, 321, 322, 323, 324, 325, 326, 327, 328, 329, 330, 332, 333, 334, 335, 336, 337, 338, 339, 340, 342, 344, 345, 350, 351, 352, 353, 354, 355, 356, 358, 359, 360, 361, 363, 364, 365, 366, 368, 369, 370, 371, 373, 374, 375, 376, 378, 380, 381, 386, 387, 388, 389, 390, 392, 393, 394, 395, 397, 398, 399, 400, 402, 403, 404, 405, 406, 407, 408, 410, 411, 412, 413, 415, 416, 417, 418, 420, 421, 422, 423, 425, 426, 427, 428, 430, 431, 432, 433, 435, 436, 437, 438, 439, 440, 441, 444, 445, 446, 448, 450, 451, 455, 456, 457, 458, 459, 460, 461, 463, 464, 465, 467, 468, 469, 470, 471, 472, 474, 475, 476, 477, 479, 480, 481, 483, 484, 485, 486, 487, 488, 490, 492, 493, 494, 495, 496, 497, 498, 499, 500, 501, 502, 503, 504, 505, 506, 507, 508, 513, 514, 515, 516, 518, 519, 520, 521, 522, 523, 524, 525, 529, 530, 531, 532, 533, 534, 535, 536, 537, 538, 539, 540, 541, 542, 543, 544, 545, 546, 547, 548, 549, 550, 551, 552, 553, 554, 556, 557, 558, 559, 560, 561, 562, 563, 567, 568, 569, 570, 571, 572, 573, 575, 576, 577, 578, 579, 580, 581, 582, 583, 584, 585, 586, 587, 588, 589, 590, 591, 592, 593, 594, 595, 596, 597, 598, 599, 601, 602, 603, 605, 606, 607, 610, 611, 612, 614, 615, 616, 617, 618, 619, 620, 621, 622, 626, 627, 628, 629, 630, 631, 632, 633, 634, 635, 636, 637, 638, 639, 640, 641, 642, 643, 644, 645, 646, 647, 648, 649, 650, 651, 653, 654, 655, 656, 657, 658, 659, 660, 661, 662, 663, 667, 668, 669, 670, 671, 672, 673, 674, 675, 676, 677, 678, 679, 680, 681, 682, 683, 684, 685, 686, 687, 688, 689, 690, 691, 692, 693, 694, 695, 696, 697, 698, 699, 700, 701, 702, 706, 707, 708, 709, 711, 712, 713, 714, 715, 716, 717, 718, 719, 721, 722, 748, 749, 750, 751, 752, 753, 754, 755, 756, 758, 759, 760, 762, 763, 764, 765, 783, 784, 785, 786, 787, 789, 790, 792, 793, 794, 795, 796, 799, 800, 801, 802, 803, 804, 805, 806, 807, 808, 809, 810, 811, 812, 813, 814, 815, 816, 817, 818, 819, 820, 821, 822, 824, 828, 829, 833, 834], "excluded_lines": [], "start_line": 113}, "": {"executed_lines": [], "summary": {"covered_lines": 0, "num_statements": 148, "percent_covered": 0.0, "percent_covered_display": "0", "missing_lines": 148, "excluded_lines": 0, "percent_statements_covered": 0.0, "percent_statements_covered_display": "0"}, "missing_lines": [12, 13, 14, 15, 18, 23, 24, 25, 26, 27, 28, 29, 30, 31, 32, 33, 34, 35, 36, 37, 38, 39, 40, 41, 42, 43, 44, 45, 46, 47, 48, 49, 50, 51, 52, 53, 54, 55, 56, 57, 58, 59, 60, 61, 62, 63, 64, 65, 66, 67, 68, 69, 70, 71, 72, 73, 74, 75, 76, 77, 78, 79, 80, 81, 82, 85, 86, 87, 88, 89, 90, 91, 92, 93, 94, 95, 96, 97, 98, 101, 104, 106, 109, 113, 128, 129, 131, 143, 147, 151, 184, 215, 221, 234, 289, 301, 348, 384, 453, 510, 527, 565, 624, 665, 704, 743, 781, 782, 831, 843, 930, 935, 936, 937, 938, 939, 940, 941, 942, 943, 944, 945, 946, 947, 948, 949, 950, 951, 952, 953, 954, 955, 956, 957, 958, 959, 960, 961, 962, 963, 964, 965, 966, 967, 968, 969, 970, 971], "excluded_lines": [], "start_line": 1}}}}, "totals": {"covered_lines": 2291, "num_statements": 11624, "percent_covered": 19.70922229869236, "percent_covered_display": "20", "missing_lines": 9333, "excluded_lines": 164, "percent_statements_covered": 19.70922229869236, "percent_statements_covered_display": "20"}}